-~~-~~-~~-~~-~~-~~- Informacoes de execucao -~~-~~-~~-~~-~~-~~-
[INFO] Tempo estimado: 02h 14m 20s
[INFO] Benchmarks a serem executados: is ep cg mg ft bt sp lu lu ua
[INFO] Classes a serem executadas: S
[INFO] Porcentagem de ZRAM analisadas: 0 50

-~~-~~-~~-~~-~~-~~- Maquina dos testes -~~-~~-~~-~~-~~-~~-
[INFO] lsb_release -a:
Distributor ID:	Ubuntu
Description:	Ubuntu 24.04.1 LTS
Release:	24.04
Codename:	noble
[INFO] Uname -a:
Linux zram-ibm 6.8.0-48-generic #48-Ubuntu SMP PREEMPT_DYNAMIC Fri Sep 27 14:04:52 UTC 2024 x86_64 x86_64 x86_64 GNU/Linux
[INFO] cat /proc/meminfo:
MemTotal:       14245140 kB
MemFree:        13537288 kB
MemAvailable:   13592412 kB
Buffers:           20016 kB
Cached:           281920 kB
SwapCached:            0 kB
Active:           272228 kB
Inactive:          64532 kB
Active(anon):      45260 kB
Inactive(anon):        0 kB
Active(file):     226968 kB
Inactive(file):    64532 kB
Unevictable:       27572 kB
Mlocked:           27572 kB
SwapTotal:             0 kB
SwapFree:              0 kB
Zswap:                 0 kB
Zswapped:              0 kB
Dirty:               136 kB
Writeback:             0 kB
AnonPages:         62464 kB
Mapped:            57768 kB
Shmem:              1684 kB
KReclaimable:      23376 kB
Slab:             116940 kB
SReclaimable:      23376 kB
SUnreclaim:        93564 kB
KernelStack:        3624 kB
PageTables:         2524 kB
SecPageTables:         0 kB
NFS_Unstable:          0 kB
Bounce:                0 kB
WritebackTmp:          0 kB
CommitLimit:     7122568 kB
Committed_AS:     248360 kB
VmallocTotal:   34359738367 kB
VmallocUsed:       53380 kB
VmallocChunk:          0 kB
Percpu:            10560 kB
HardwareCorrupted:     0 kB
AnonHugePages:         0 kB
ShmemHugePages:        0 kB
ShmemPmdMapped:        0 kB
FileHugePages:         0 kB
FilePmdMapped:         0 kB
Unaccepted:            0 kB
HugePages_Total:       0
HugePages_Free:        0
HugePages_Rsvd:        0
HugePages_Surp:        0
Hugepagesize:       2048 kB
Hugetlb:               0 kB
DirectMap4k:      171028 kB
DirectMap2M:     5009408 kB
DirectMap1G:     9437184 kB
[INFO] cat /proc/cpuinfo | more:
processor	: 0
vendor_id	: AuthenticAMD
cpu family	: 23
model		: 24
model name	: AMD Ryzen 5 3550H with Radeon Vega Mobile Gfx
stepping	: 1
microcode	: 0x8108109
cpu MHz		: 2107.091
cache size	: 512 KB
physical id	: 0
siblings	: 8
core id		: 0
cpu cores	: 4
apicid		: 0
initial apicid	: 0
fpu		: yes
fpu_exception	: yes
cpuid level	: 13
wp		: yes
flags		: fpu vme de pse tsc msr pae mce cx8 apic sep mtrr pge mca cmov pat pse36 clflush mmx fxsr sse sse2 ht syscall nx mmxext fxsr_opt pdpe1gb rdtscp lm constant_tsc rep_good nopl nonstop_tsc cpuid extd_apicid aperfmperf rapl pni pclmulqdq monitor ssse3 fma cx16 sse4_1 sse4_2 movbe popcnt aes xsave avx f16c rdrand lahf_lm cmp_legacy svm extapic cr8_legacy abm sse4a misalignsse 3dnowprefetch osvw skinit wdt tce topoext perfctr_core perfctr_nb bpext perfctr_llc mwaitx cpb hw_pstate ssbd ibpb vmmcall fsgsbase bmi1 avx2 smep bmi2 rdseed adx smap clflushopt sha_ni xsaveopt xsavec xgetbv1 clzero irperf xsaveerptr arat npt lbrv svm_lock nrip_save tsc_scale vmcb_clean flushbyasid decodeassists pausefilter pfthreshold avic v_vmsave_vmload vgif overflow_recov succor smca sev sev_es
bugs		: sysret_ss_attrs null_seg spectre_v1 spectre_v2 spec_store_bypass retbleed smt_rsb srso div0
bogomips	: 4192.15
TLB size	: 2560 4K pages
clflush size	: 64
cache_alignment	: 64
address sizes	: 43 bits physical, 48 bits virtual
power management: ts ttp tm hwpstate eff_freq_ro [13] [14]

processor	: 1
vendor_id	: AuthenticAMD
cpu family	: 23
model		: 24
model name	: AMD Ryzen 5 3550H with Radeon Vega Mobile Gfx
stepping	: 1
microcode	: 0x8108109
cpu MHz		: 3643.862
cache size	: 512 KB
physical id	: 0
siblings	: 8
core id		: 0
cpu cores	: 4
apicid		: 1
initial apicid	: 1
fpu		: yes
fpu_exception	: yes
cpuid level	: 13
wp		: yes
flags		: fpu vme de pse tsc msr pae mce cx8 apic sep mtrr pge mca cmov pat pse36 clflush mmx fxsr sse sse2 ht syscall nx mmxext fxsr_opt pdpe1gb rdtscp lm constant_tsc rep_good nopl nonstop_tsc cpuid extd_apicid aperfmperf rapl pni pclmulqdq monitor ssse3 fma cx16 sse4_1 sse4_2 movbe popcnt aes xsave avx f16c rdrand lahf_lm cmp_legacy svm extapic cr8_legacy abm sse4a misalignsse 3dnowprefetch osvw skinit wdt tce topoext perfctr_core perfctr_nb bpext perfctr_llc mwaitx cpb hw_pstate ssbd ibpb vmmcall fsgsbase bmi1 avx2 smep bmi2 rdseed adx smap clflushopt sha_ni xsaveopt xsavec xgetbv1 clzero irperf xsaveerptr arat npt lbrv svm_lock nrip_save tsc_scale vmcb_clean flushbyasid decodeassists pausefilter pfthreshold avic v_vmsave_vmload vgif overflow_recov succor smca sev sev_es
bugs		: sysret_ss_attrs null_seg spectre_v1 spectre_v2 spec_store_bypass retbleed smt_rsb srso div0
bogomips	: 4192.15
TLB size	: 2560 4K pages
clflush size	: 64
cache_alignment	: 64
address sizes	: 43 bits physical, 48 bits virtual
power management: ts ttp tm hwpstate eff_freq_ro [13] [14]

processor	: 2
vendor_id	: AuthenticAMD
cpu family	: 23
model		: 24
model name	: AMD Ryzen 5 3550H with Radeon Vega Mobile Gfx
stepping	: 1
microcode	: 0x8108109
cpu MHz		: 1251.003
cache size	: 512 KB
physical id	: 0
siblings	: 8
core id		: 1
cpu cores	: 4
apicid		: 2
initial apicid	: 2
fpu		: yes
fpu_exception	: yes
cpuid level	: 13
wp		: yes
flags		: fpu vme de pse tsc msr pae mce cx8 apic sep mtrr pge mca cmov pat pse36 clflush mmx fxsr sse sse2 ht syscall nx mmxext fxsr_opt pdpe1gb rdtscp lm constant_tsc rep_good nopl nonstop_tsc cpuid extd_apicid aperfmperf rapl pni pclmulqdq monitor ssse3 fma cx16 sse4_1 sse4_2 movbe popcnt aes xsave avx f16c rdrand lahf_lm cmp_legacy svm extapic cr8_legacy abm sse4a misalignsse 3dnowprefetch osvw skinit wdt tce topoext perfctr_core perfctr_nb bpext perfctr_llc mwaitx cpb hw_pstate ssbd ibpb vmmcall fsgsbase bmi1 avx2 smep bmi2 rdseed adx smap clflushopt sha_ni xsaveopt xsavec xgetbv1 clzero irperf xsaveerptr arat npt lbrv svm_lock nrip_save tsc_scale vmcb_clean flushbyasid decodeassists pausefilter pfthreshold avic v_vmsave_vmload vgif overflow_recov succor smca sev sev_es
bugs		: sysret_ss_attrs null_seg spectre_v1 spectre_v2 spec_store_bypass retbleed smt_rsb srso div0
bogomips	: 4192.15
TLB size	: 2560 4K pages
clflush size	: 64
cache_alignment	: 64
address sizes	: 43 bits physical, 48 bits virtual
power management: ts ttp tm hwpstate eff_freq_ro [13] [14]

processor	: 3
vendor_id	: AuthenticAMD
cpu family	: 23
model		: 24
model name	: AMD Ryzen 5 3550H with Radeon Vega Mobile Gfx
stepping	: 1
microcode	: 0x8108109
cpu MHz		: 1477.216
cache size	: 512 KB
physical id	: 0
siblings	: 8
core id		: 1
cpu cores	: 4
apicid		: 3
initial apicid	: 3
fpu		: yes
fpu_exception	: yes
cpuid level	: 13
wp		: yes
flags		: fpu vme de pse tsc msr pae mce cx8 apic sep mtrr pge mca cmov pat pse36 clflush mmx fxsr sse sse2 ht syscall nx mmxext fxsr_opt pdpe1gb rdtscp lm constant_tsc rep_good nopl nonstop_tsc cpuid extd_apicid aperfmperf rapl pni pclmulqdq monitor ssse3 fma cx16 sse4_1 sse4_2 movbe popcnt aes xsave avx f16c rdrand lahf_lm cmp_legacy svm extapic cr8_legacy abm sse4a misalignsse 3dnowprefetch osvw skinit wdt tce topoext perfctr_core perfctr_nb bpext perfctr_llc mwaitx cpb hw_pstate ssbd ibpb vmmcall fsgsbase bmi1 avx2 smep bmi2 rdseed adx smap clflushopt sha_ni xsaveopt xsavec xgetbv1 clzero irperf xsaveerptr arat npt lbrv svm_lock nrip_save tsc_scale vmcb_clean flushbyasid decodeassists pausefilter pfthreshold avic v_vmsave_vmload vgif overflow_recov succor smca sev sev_es
bugs		: sysret_ss_attrs null_seg spectre_v1 spectre_v2 spec_store_bypass retbleed smt_rsb srso div0
bogomips	: 4192.15
TLB size	: 2560 4K pages
clflush size	: 64
cache_alignment	: 64
address sizes	: 43 bits physical, 48 bits virtual
power management: ts ttp tm hwpstate eff_freq_ro [13] [14]

processor	: 4
vendor_id	: AuthenticAMD
cpu family	: 23
model		: 24
model name	: AMD Ryzen 5 3550H with Radeon Vega Mobile Gfx
stepping	: 1
microcode	: 0x8108109
cpu MHz		: 1400.000
cache size	: 512 KB
physical id	: 0
siblings	: 8
core id		: 2
cpu cores	: 4
apicid		: 4
initial apicid	: 4
fpu		: yes
fpu_exception	: yes
cpuid level	: 13
wp		: yes
flags		: fpu vme de pse tsc msr pae mce cx8 apic sep mtrr pge mca cmov pat pse36 clflush mmx fxsr sse sse2 ht syscall nx mmxext fxsr_opt pdpe1gb rdtscp lm constant_tsc rep_good nopl nonstop_tsc cpuid extd_apicid aperfmperf rapl pni pclmulqdq monitor ssse3 fma cx16 sse4_1 sse4_2 movbe popcnt aes xsave avx f16c rdrand lahf_lm cmp_legacy svm extapic cr8_legacy abm sse4a misalignsse 3dnowprefetch osvw skinit wdt tce topoext perfctr_core perfctr_nb bpext perfctr_llc mwaitx cpb hw_pstate ssbd ibpb vmmcall fsgsbase bmi1 avx2 smep bmi2 rdseed adx smap clflushopt sha_ni xsaveopt xsavec xgetbv1 clzero irperf xsaveerptr arat npt lbrv svm_lock nrip_save tsc_scale vmcb_clean flushbyasid decodeassists pausefilter pfthreshold avic v_vmsave_vmload vgif overflow_recov succor smca sev sev_es
bugs		: sysret_ss_attrs null_seg spectre_v1 spectre_v2 spec_store_bypass retbleed smt_rsb srso div0
bogomips	: 4192.15
TLB size	: 2560 4K pages
clflush size	: 64
cache_alignment	: 64
address sizes	: 43 bits physical, 48 bits virtual
power management: ts ttp tm hwpstate eff_freq_ro [13] [14]

processor	: 5
vendor_id	: AuthenticAMD
cpu family	: 23
model		: 24
model name	: AMD Ryzen 5 3550H with Radeon Vega Mobile Gfx
stepping	: 1
microcode	: 0x8108109
cpu MHz		: 2454.400
cache size	: 512 KB
physical id	: 0
siblings	: 8
core id		: 2
cpu cores	: 4
apicid		: 5
initial apicid	: 5
fpu		: yes
fpu_exception	: yes
cpuid level	: 13
wp		: yes
flags		: fpu vme de pse tsc msr pae mce cx8 apic sep mtrr pge mca cmov pat pse36 clflush mmx fxsr sse sse2 ht syscall nx mmxext fxsr_opt pdpe1gb rdtscp lm constant_tsc rep_good nopl nonstop_tsc cpuid extd_apicid aperfmperf rapl pni pclmulqdq monitor ssse3 fma cx16 sse4_1 sse4_2 movbe popcnt aes xsave avx f16c rdrand lahf_lm cmp_legacy svm extapic cr8_legacy abm sse4a misalignsse 3dnowprefetch osvw skinit wdt tce topoext perfctr_core perfctr_nb bpext perfctr_llc mwaitx cpb hw_pstate ssbd ibpb vmmcall fsgsbase bmi1 avx2 smep bmi2 rdseed adx smap clflushopt sha_ni xsaveopt xsavec xgetbv1 clzero irperf xsaveerptr arat npt lbrv svm_lock nrip_save tsc_scale vmcb_clean flushbyasid decodeassists pausefilter pfthreshold avic v_vmsave_vmload vgif overflow_recov succor smca sev sev_es
bugs		: sysret_ss_attrs null_seg spectre_v1 spectre_v2 spec_store_bypass retbleed smt_rsb srso div0
bogomips	: 4192.15
TLB size	: 2560 4K pages
clflush size	: 64
cache_alignment	: 64
address sizes	: 43 bits physical, 48 bits virtual
power management: ts ttp tm hwpstate eff_freq_ro [13] [14]

processor	: 6
vendor_id	: AuthenticAMD
cpu family	: 23
model		: 24
model name	: AMD Ryzen 5 3550H with Radeon Vega Mobile Gfx
stepping	: 1
microcode	: 0x8108109
cpu MHz		: 3692.913
cache size	: 512 KB
physical id	: 0
siblings	: 8
core id		: 3
cpu cores	: 4
apicid		: 6
initial apicid	: 6
fpu		: yes
fpu_exception	: yes
cpuid level	: 13
wp		: yes
flags		: fpu vme de pse tsc msr pae mce cx8 apic sep mtrr pge mca cmov pat pse36 clflush mmx fxsr sse sse2 ht syscall nx mmxext fxsr_opt pdpe1gb rdtscp lm constant_tsc rep_good nopl nonstop_tsc cpuid extd_apicid aperfmperf rapl pni pclmulqdq monitor ssse3 fma cx16 sse4_1 sse4_2 movbe popcnt aes xsave avx f16c rdrand lahf_lm cmp_legacy svm extapic cr8_legacy abm sse4a misalignsse 3dnowprefetch osvw skinit wdt tce topoext perfctr_core perfctr_nb bpext perfctr_llc mwaitx cpb hw_pstate ssbd ibpb vmmcall fsgsbase bmi1 avx2 smep bmi2 rdseed adx smap clflushopt sha_ni xsaveopt xsavec xgetbv1 clzero irperf xsaveerptr arat npt lbrv svm_lock nrip_save tsc_scale vmcb_clean flushbyasid decodeassists pausefilter pfthreshold avic v_vmsave_vmload vgif overflow_recov succor smca sev sev_es
bugs		: sysret_ss_attrs null_seg spectre_v1 spectre_v2 spec_store_bypass retbleed smt_rsb srso div0
bogomips	: 4192.15
TLB size	: 2560 4K pages
clflush size	: 64
cache_alignment	: 64
address sizes	: 43 bits physical, 48 bits virtual
power management: ts ttp tm hwpstate eff_freq_ro [13] [14]

processor	: 7
vendor_id	: AuthenticAMD
cpu family	: 23
model		: 24
model name	: AMD Ryzen 5 3550H with Radeon Vega Mobile Gfx
stepping	: 1
microcode	: 0x8108109
cpu MHz		: 1778.960
cache size	: 512 KB
physical id	: 0
siblings	: 8
core id		: 3
cpu cores	: 4
apicid		: 7
initial apicid	: 7
fpu		: yes
fpu_exception	: yes
cpuid level	: 13
wp		: yes
flags		: fpu vme de pse tsc msr pae mce cx8 apic sep mtrr pge mca cmov pat pse36 clflush mmx fxsr sse sse2 ht syscall nx mmxext fxsr_opt pdpe1gb rdtscp lm constant_tsc rep_good nopl nonstop_tsc cpuid extd_apicid aperfmperf rapl pni pclmulqdq monitor ssse3 fma cx16 sse4_1 sse4_2 movbe popcnt aes xsave avx f16c rdrand lahf_lm cmp_legacy svm extapic cr8_legacy abm sse4a misalignsse 3dnowprefetch osvw skinit wdt tce topoext perfctr_core perfctr_nb bpext perfctr_llc mwaitx cpb hw_pstate ssbd ibpb vmmcall fsgsbase bmi1 avx2 smep bmi2 rdseed adx smap clflushopt sha_ni xsaveopt xsavec xgetbv1 clzero irperf xsaveerptr arat npt lbrv svm_lock nrip_save tsc_scale vmcb_clean flushbyasid decodeassists pausefilter pfthreshold avic v_vmsave_vmload vgif overflow_recov succor smca sev sev_es
bugs		: sysret_ss_attrs null_seg spectre_v1 spectre_v2 spec_store_bypass retbleed smt_rsb srso div0
bogomips	: 4192.15
TLB size	: 2560 4K pages
clflush size	: 64
cache_alignment	: 64
address sizes	: 43 bits physical, 48 bits virtual
power management: ts ttp tm hwpstate eff_freq_ro [13] [14]

[INFO] df -ha:
Filesystem                         Size  Used Avail Use% Mounted on
sysfs                                 0     0     0    - /sys
proc                                  0     0     0    - /proc
udev                               6,8G     0  6,8G   0% /dev
devpts                                0     0     0    - /dev/pts
tmpfs                              1,4G  1,7M  1,4G   1% /run
efivarfs                           148K   73K   71K  51% /sys/firmware/efi/efivars
/dev/mapper/ubuntu--vg-ubuntu--lv  9,8G  2,7G  6,6G  29% /
securityfs                            0     0     0    - /sys/kernel/security
tmpfs                              6,8G     0  6,8G   0% /dev/shm
tmpfs                              5,0M     0  5,0M   0% /run/lock
cgroup2                               0     0     0    - /sys/fs/cgroup
pstore                                0     0     0    - /sys/fs/pstore
bpf                                   0     0     0    - /sys/fs/bpf
systemd-1                             -     -     -    - /proc/sys/fs/binfmt_misc
hugetlbfs                             0     0     0    - /dev/hugepages
mqueue                                0     0     0    - /dev/mqueue
debugfs                               0     0     0    - /sys/kernel/debug
tracefs                               0     0     0    - /sys/kernel/tracing
fusectl                               0     0     0    - /sys/fs/fuse/connections
configfs                              0     0     0    - /sys/kernel/config
/dev/sdb2                          1,7G   96M  1,5G   6% /boot
/dev/sdb1                          682M  6,2M  676M   1% /boot/efi
binfmt_misc                           0     0     0    - /proc/sys/fs/binfmt_misc
tmpfs                              1,4G   12K  1,4G   1% /run/user/1000
[INFO] fdisk -l:
Disk /dev/sda: 931,51 GiB, 1000204886016 bytes, 1953525168 sectors
Disk model: WDC WD10SPZX-21Z
Units: sectors of 1 * 512 = 512 bytes
Sector size (logical/physical): 512 bytes / 4096 bytes
I/O size (minimum/optimal): 4096 bytes / 4096 bytes
Disklabel type: gpt
Disk identifier: 77814D85-C128-C049-B79F-C3BC76A5179F

Device         Start        End    Sectors   Size Type
/dev/sda1       2048  614402047  614400000   293G Linux filesystem
/dev/sda2  614402048 1953523711 1339121664 638,5G Microsoft basic data


Disk /dev/nvme0n1: 238,47 GiB, 256060514304 bytes, 500118192 sectors
Disk model: IM2P33F8BR2-256GB                       
Units: sectors of 1 * 512 = 512 bytes
Sector size (logical/physical): 512 bytes / 512 bytes
I/O size (minimum/optimal): 512 bytes / 512 bytes
Disklabel type: gpt
Disk identifier: E2776A72-1917-4DB0-A2C3-1C77B4A4BDF5

Device             Start       End   Sectors   Size Type
/dev/nvme0n1p1      2048    206847    204800   100M EFI System
/dev/nvme0n1p2    206848    239615     32768    16M Microsoft reserved
/dev/nvme0n1p3    239616 244678655 244439040 116,6G Microsoft basic data
/dev/nvme0n1p4 244678656 245997567   1318912   644M Windows recovery environment
/dev/nvme0n1p5 245997568 476684287 230686720   110G Linux filesystem
/dev/nvme0n1p6 476684288 500118158  23433871  11,2G Linux swap


Disk /dev/sdb: 14,32 GiB, 15376318464 bytes, 30031872 sectors
Disk model: Cruzer Blade    
Units: sectors of 1 * 512 = 512 bytes
Sector size (logical/physical): 512 bytes / 512 bytes
I/O size (minimum/optimal): 512 bytes / 512 bytes
Disklabel type: gpt
Disk identifier: 8BC200C2-9237-4302-B4A4-CE6DAE0A1A70

Device       Start      End  Sectors  Size Type
/dev/sdb1     2048  1400831  1398784  683M EFI System
/dev/sdb2  1400832  5070847  3670016  1,8G Linux filesystem
/dev/sdb3  5070848 30029823 24958976 11,9G Linux filesystem


Disk /dev/mapper/ubuntu--vg-ubuntu--lv: 10 GiB, 10737418240 bytes, 20971520 sectors
Units: sectors of 1 * 512 = 512 bytes
Sector size (logical/physical): 512 bytes / 512 bytes
I/O size (minimum/optimal): 512 bytes / 512 bytes

-~~-~~-~~-~~-~~-~~- Preparacao do sistema -~~-~~-~~-~~-~~-~~-
[LOG] Desabilitando DVFS (CPU frequency scaling) usando cpufrequtils
[LOG] Desabilitando Turbo boost (echo 1 > /sys/devices/system/cpu/intel_pstate/no_turbo)

-~~-~~-~~-~~-~~-~~- Iniciando benchmarks -~~-~~-~~-~~-~~-~~-
[LOG] Iniciando testes: 11/11/2024 as 19:04:37

-~~-~~-~~-~~-~~-~~- Benchmark is/S -~~-~~-~~-~~-~~-~~-
[LOG] Compilando benchmark is/S
make: Entering directory '/home/ibm23/zram/src/NPB-OMP'
   ============================================
   =      NAS PARALLEL BENCHMARKS 3.4         =
   =      OpenMP Versions                     =
   =      Fortran/C                           =
   ============================================

cd IS; make CLASS=S
make[1]: Entering directory '/home/ibm23/zram/src/NPB-OMP/IS'
make[2]: Entering directory '/home/ibm23/zram/src/NPB-OMP/sys'
gcc  -o setparams setparams.c
make[2]: Leaving directory '/home/ibm23/zram/src/NPB-OMP/sys'
../sys/setparams is S
gcc -c  -O3 -fopenmp is.c
cd ../common; gcc -c  -O3 -fopenmp c_print_results.c
cd ../common; gcc -c  -O3 -fopenmp c_timers.c
cd ../common; gcc -c  -O3 -fopenmp -o c_wtime.o ../common/wtime.c
gcc -O3 -fopenmp -o ../bin/is.S.x is.o ../common/c_print_results.o ../common/c_timers.o ../common/c_wtime.o -lm
make[1]: Leaving directory '/home/ibm23/zram/src/NPB-OMP/IS'
make: Leaving directory '/home/ibm23/zram/src/NPB-OMP'

[LOG] Benchmark is/S iniciado: 11/11/2024 as 19:04:37
[FILE] Arquivo criado: ../output/11112024_190435_benchmarks/is-S.log
[INFO] zramctl:
[LOG] Benchmark is/S (0% ZRAM) iniciado: 11/11/2024 19:04:47
[LOG] Teste 1 iniciado: 11/11/2024 19:04:47
[LOG] Benchmark is/S (0% ZRAM) finalizado: 11/11/2024 19:04:47
[INFO] Escrevendo resultados no csv...
[INFO] zramctl:
NAME       ALGORITHM DISKSIZE DATA COMPR TOTAL STREAMS MOUNTPOINT
/dev/zram0 lzo-rle         8G   4K   74B   12K       8 [SWAP]
[LOG] Benchmark is/S (50% ZRAM) iniciado: 11/11/2024 19:04:57
[LOG] Teste 1 iniciado: 11/11/2024 19:04:57
[LOG] Benchmark is/S (50% ZRAM) finalizado: 11/11/2024 19:04:58
[INFO] Escrevendo resultados no csv...
[LOG] Benchmark is/S finalizado: 11/11/2024 as 19:04:58

-~~-~~-~~-~~-~~-~~- Benchmark ep/S -~~-~~-~~-~~-~~-~~-
[LOG] Compilando benchmark ep/S
make: Entering directory '/home/ibm23/zram/src/NPB-OMP'
   ============================================
   =      NAS PARALLEL BENCHMARKS 3.4         =
   =      OpenMP Versions                     =
   =      Fortran/C                           =
   ============================================

cd EP; make CLASS=S
make[1]: Entering directory '/home/ibm23/zram/src/NPB-OMP/EP'
make[2]: Entering directory '/home/ibm23/zram/src/NPB-OMP/sys'
make[2]: Nothing to be done for 'all'.
make[2]: Leaving directory '/home/ibm23/zram/src/NPB-OMP/sys'
../sys/setparams ep S
gfortran -c  -O3 -fopenmp ep_data.f90
gfortran -c  -O3 -fopenmp ep.f90
gfortran -c  -O3 -fopenmp verify.f90
cd ../common; gfortran -c  -O3 -fopenmp print_results.f90
cd ../common; gfortran -c  -O3 -fopenmp randi8.f90
cd ../common; gfortran -c  -O3 -fopenmp timers.f90
cd ../common; gcc -c  -O3 -fopenmp  -o wtime.o ../common/wtime.c
gfortran -O3 -fopenmp -o ../bin/ep.S.x ep.o ep_data.o verify.o ../common/print_results.o ../common/randi8.o ../common/timers.o ../common/wtime.o 
make[1]: Leaving directory '/home/ibm23/zram/src/NPB-OMP/EP'
make: Leaving directory '/home/ibm23/zram/src/NPB-OMP'

[LOG] Benchmark ep/S iniciado: 11/11/2024 as 19:04:58
[FILE] Arquivo criado: ../output/11112024_190435_benchmarks/ep-S.log
[INFO] zramctl:
NAME       ALGORITHM DISKSIZE DATA COMPR TOTAL STREAMS MOUNTPOINT
/dev/zram0 lzo-rle         8G   4K   74B   12K       8 [SWAP]
[LOG] Benchmark ep/S (0% ZRAM) iniciado: 11/11/2024 19:05:08
[LOG] Teste 1 iniciado: 11/11/2024 19:05:08
[LOG] Benchmark ep/S (0% ZRAM) finalizado: 11/11/2024 19:05:08
[INFO] Escrevendo resultados no csv...
[INFO] zramctl:
NAME       ALGORITHM DISKSIZE DATA COMPR TOTAL STREAMS MOUNTPOINT
/dev/zram0 lzo-rle         8G   4K   74B   12K       8 [SWAP]
[LOG] Benchmark ep/S (50% ZRAM) iniciado: 11/11/2024 19:05:18
[LOG] Teste 1 iniciado: 11/11/2024 19:05:18
[LOG] Benchmark ep/S (50% ZRAM) finalizado: 11/11/2024 19:05:19
[INFO] Escrevendo resultados no csv...
[LOG] Benchmark ep/S finalizado: 11/11/2024 as 19:05:19

-~~-~~-~~-~~-~~-~~- Benchmark cg/S -~~-~~-~~-~~-~~-~~-
[LOG] Compilando benchmark cg/S
make: Entering directory '/home/ibm23/zram/src/NPB-OMP'
   ============================================
   =      NAS PARALLEL BENCHMARKS 3.4         =
   =      OpenMP Versions                     =
   =      Fortran/C                           =
   ============================================

cd CG; make CLASS=S
make[1]: Entering directory '/home/ibm23/zram/src/NPB-OMP/CG'
make[2]: Entering directory '/home/ibm23/zram/src/NPB-OMP/sys'
make[2]: Nothing to be done for 'all'.
make[2]: Leaving directory '/home/ibm23/zram/src/NPB-OMP/sys'
../sys/setparams cg S
gfortran -c  -O3 -fopenmp cg_data.f90
gfortran -c  -O3 -fopenmp cg.f90
gfortran -O3 -fopenmp -o ../bin/cg.S.x cg.o cg_data.o ../common/print_results.o ../common/randi8.o ../common/timers.o ../common/wtime.o 
make[1]: Leaving directory '/home/ibm23/zram/src/NPB-OMP/CG'
make: Leaving directory '/home/ibm23/zram/src/NPB-OMP'

[LOG] Benchmark cg/S iniciado: 11/11/2024 as 19:05:19
[FILE] Arquivo criado: ../output/11112024_190435_benchmarks/cg-S.log
[INFO] zramctl:
NAME       ALGORITHM DISKSIZE DATA COMPR TOTAL STREAMS MOUNTPOINT
/dev/zram0 lzo-rle         8G   4K   74B   12K       8 [SWAP]
[LOG] Benchmark cg/S (0% ZRAM) iniciado: 11/11/2024 19:05:29
[LOG] Teste 1 iniciado: 11/11/2024 19:05:29
[LOG] Benchmark cg/S (0% ZRAM) finalizado: 11/11/2024 19:05:29
[INFO] Escrevendo resultados no csv...
[INFO] zramctl:
NAME       ALGORITHM DISKSIZE DATA COMPR TOTAL STREAMS MOUNTPOINT
/dev/zram0 lzo-rle         8G   4K   74B   12K       8 [SWAP]
[LOG] Benchmark cg/S (50% ZRAM) iniciado: 11/11/2024 19:05:40
[LOG] Teste 1 iniciado: 11/11/2024 19:05:40
[LOG] Benchmark cg/S (50% ZRAM) finalizado: 11/11/2024 19:05:40
[INFO] Escrevendo resultados no csv...
[LOG] Benchmark cg/S finalizado: 11/11/2024 as 19:05:40

-~~-~~-~~-~~-~~-~~- Benchmark mg/S -~~-~~-~~-~~-~~-~~-
[LOG] Compilando benchmark mg/S
make: Entering directory '/home/ibm23/zram/src/NPB-OMP'
   ============================================
   =      NAS PARALLEL BENCHMARKS 3.4         =
   =      OpenMP Versions                     =
   =      Fortran/C                           =
   ============================================

cd MG; make CLASS=S
make[1]: Entering directory '/home/ibm23/zram/src/NPB-OMP/MG'
make[2]: Entering directory '/home/ibm23/zram/src/NPB-OMP/sys'
make[2]: Nothing to be done for 'all'.
make[2]: Leaving directory '/home/ibm23/zram/src/NPB-OMP/sys'
../sys/setparams mg S
gfortran -c  -O3 -fopenmp mg_data.f90
gfortran -c  -O3 -fopenmp mg.f90
gfortran -O3 -fopenmp -o ../bin/mg.S.x mg.o mg_data.o ../common/print_results.o ../common/randi8.o ../common/timers.o ../common/wtime.o 
make[1]: Leaving directory '/home/ibm23/zram/src/NPB-OMP/MG'
make: Leaving directory '/home/ibm23/zram/src/NPB-OMP'

[LOG] Benchmark mg/S iniciado: 11/11/2024 as 19:05:41
[FILE] Arquivo criado: ../output/11112024_190435_benchmarks/mg-S.log
[INFO] zramctl:
NAME       ALGORITHM DISKSIZE DATA COMPR TOTAL STREAMS MOUNTPOINT
/dev/zram0 lzo-rle         8G   4K   74B   12K       8 [SWAP]
[LOG] Benchmark mg/S (0% ZRAM) iniciado: 11/11/2024 19:05:51
[LOG] Teste 1 iniciado: 11/11/2024 19:05:51
[LOG] Benchmark mg/S (0% ZRAM) finalizado: 11/11/2024 19:05:51
[INFO] Escrevendo resultados no csv...
[INFO] zramctl:
NAME       ALGORITHM DISKSIZE DATA COMPR TOTAL STREAMS MOUNTPOINT
/dev/zram0 lzo-rle         8G   4K   74B   12K       8 [SWAP]
[LOG] Benchmark mg/S (50% ZRAM) iniciado: 11/11/2024 19:06:02
[LOG] Teste 1 iniciado: 11/11/2024 19:06:02
[LOG] Benchmark mg/S (50% ZRAM) finalizado: 11/11/2024 19:06:02
[INFO] Escrevendo resultados no csv...
[LOG] Benchmark mg/S finalizado: 11/11/2024 as 19:06:02

-~~-~~-~~-~~-~~-~~- Benchmark ft/S -~~-~~-~~-~~-~~-~~-
[LOG] Compilando benchmark ft/S
make: Entering directory '/home/ibm23/zram/src/NPB-OMP'
   ============================================
   =      NAS PARALLEL BENCHMARKS 3.4         =
   =      OpenMP Versions                     =
   =      Fortran/C                           =
   ============================================

cd FT; make CLASS=S
make[1]: Entering directory '/home/ibm23/zram/src/NPB-OMP/FT'
make[2]: Entering directory '/home/ibm23/zram/src/NPB-OMP/sys'
make[2]: Nothing to be done for 'all'.
make[2]: Leaving directory '/home/ibm23/zram/src/NPB-OMP/sys'
../sys/setparams ft S
make[2]: Entering directory '/home/ibm23/zram/src/NPB-OMP/FT'
sed -e 's/=0/=32/' blk_par0.h > blk_par.h_wk
gfortran -c  -O3 -fopenmp ft_data.f90
gfortran -c  -O3 -fopenmp ft.f90
gfortran -O3 -fopenmp -o ../bin/ft.S.x ft.o ft_data.o ../common/randi8.o ../common/print_results.o ../common/timers.o ../common/wtime.o 
make[2]: Leaving directory '/home/ibm23/zram/src/NPB-OMP/FT'
make[1]: Leaving directory '/home/ibm23/zram/src/NPB-OMP/FT'
make: Leaving directory '/home/ibm23/zram/src/NPB-OMP'

[LOG] Benchmark ft/S iniciado: 11/11/2024 as 19:06:02
[FILE] Arquivo criado: ../output/11112024_190435_benchmarks/ft-S.log
[INFO] zramctl:
NAME       ALGORITHM DISKSIZE DATA COMPR TOTAL STREAMS MOUNTPOINT
/dev/zram0 lzo-rle         8G   4K   74B   12K       8 [SWAP]
[LOG] Benchmark ft/S (0% ZRAM) iniciado: 11/11/2024 19:06:12
[LOG] Teste 1 iniciado: 11/11/2024 19:06:12
[LOG] Benchmark ft/S (0% ZRAM) finalizado: 11/11/2024 19:06:12
[INFO] Escrevendo resultados no csv...
[INFO] zramctl:
NAME       ALGORITHM DISKSIZE DATA COMPR TOTAL STREAMS MOUNTPOINT
/dev/zram0 lzo-rle         8G   4K   74B   12K       8 [SWAP]
[LOG] Benchmark ft/S (50% ZRAM) iniciado: 11/11/2024 19:06:23
[LOG] Teste 1 iniciado: 11/11/2024 19:06:23
[LOG] Benchmark ft/S (50% ZRAM) finalizado: 11/11/2024 19:06:23
[INFO] Escrevendo resultados no csv...
[LOG] Benchmark ft/S finalizado: 11/11/2024 as 19:06:23

-~~-~~-~~-~~-~~-~~- Benchmark bt/S -~~-~~-~~-~~-~~-~~-
[LOG] Compilando benchmark bt/S
make: Entering directory '/home/ibm23/zram/src/NPB-OMP'
   ============================================
   =      NAS PARALLEL BENCHMARKS 3.4         =
   =      OpenMP Versions                     =
   =      Fortran/C                           =
   ============================================

cd BT; make CLASS=S VERSION=
make[1]: Entering directory '/home/ibm23/zram/src/NPB-OMP/BT'
make[2]: Entering directory '/home/ibm23/zram/src/NPB-OMP/sys'
make[2]: Nothing to be done for 'all'.
make[2]: Leaving directory '/home/ibm23/zram/src/NPB-OMP/sys'
../sys/setparams bt S
make[2]: Entering directory '/home/ibm23/zram/src/NPB-OMP/BT'
gfortran -c  -O3 -fopenmp bt_data.f90
sed -e 's/= 0/= 0/' blk_par0.h > blk_par.h_wk
gfortran -c  -O3 -fopenmp bt.f90
gfortran -c  -O3 -fopenmp initialize.f90
gfortran -c  -O3 -fopenmp exact_solution.f90
gfortran -c  -O3 -fopenmp exact_rhs.f90
gfortran -c  -O3 -fopenmp set_constants.f90
gfortran -c  -O3 -fopenmp adi.f90
gfortran -c  -O3 -fopenmp rhs.f90
gfortran -c  -O3 -fopenmp work_lhs.f90
gfortran -c  -O3 -fopenmp x_solve.f90
gfortran -c  -O3 -fopenmp y_solve.f90
gfortran -c  -O3 -fopenmp solve_subs.f90
gfortran -c  -O3 -fopenmp z_solve.f90
gfortran -c  -O3 -fopenmp add.f90
gfortran -c  -O3 -fopenmp error.f90
gfortran -c  -O3 -fopenmp verify.f90
gfortran -O3 -fopenmp -o ../bin/bt.S.x bt.o bt_data.o initialize.o exact_solution.o exact_rhs.o set_constants.o adi.o  rhs.o x_solve.o y_solve.o solve_subs.o z_solve.o add.o error.o verify.o work_lhs.o ../common/print_results.o ../common/timers.o ../common/wtime.o 
make[2]: Leaving directory '/home/ibm23/zram/src/NPB-OMP/BT'
make[1]: Leaving directory '/home/ibm23/zram/src/NPB-OMP/BT'
make: Leaving directory '/home/ibm23/zram/src/NPB-OMP'

[LOG] Benchmark bt/S iniciado: 11/11/2024 as 19:06:28
[FILE] Arquivo criado: ../output/11112024_190435_benchmarks/bt-S.log
[INFO] zramctl:
NAME       ALGORITHM DISKSIZE DATA COMPR TOTAL STREAMS MOUNTPOINT
/dev/zram0 lzo-rle         8G   4K   74B   12K       8 [SWAP]
[LOG] Benchmark bt/S (0% ZRAM) iniciado: 11/11/2024 19:06:38
[LOG] Teste 1 iniciado: 11/11/2024 19:06:38
[LOG] Benchmark bt/S (0% ZRAM) finalizado: 11/11/2024 19:06:38
[INFO] Escrevendo resultados no csv...
[INFO] zramctl:
NAME       ALGORITHM DISKSIZE DATA COMPR TOTAL STREAMS MOUNTPOINT
/dev/zram0 lzo-rle         8G   4K   74B   12K       8 [SWAP]
[LOG] Benchmark bt/S (50% ZRAM) iniciado: 11/11/2024 19:06:48
[LOG] Teste 1 iniciado: 11/11/2024 19:06:48
[LOG] Benchmark bt/S (50% ZRAM) finalizado: 11/11/2024 19:06:48
[INFO] Escrevendo resultados no csv...
[LOG] Benchmark bt/S finalizado: 11/11/2024 as 19:06:48

-~~-~~-~~-~~-~~-~~- Benchmark sp/S -~~-~~-~~-~~-~~-~~-
[LOG] Compilando benchmark sp/S
make: Entering directory '/home/ibm23/zram/src/NPB-OMP'
   ============================================
   =      NAS PARALLEL BENCHMARKS 3.4         =
   =      OpenMP Versions                     =
   =      Fortran/C                           =
   ============================================

cd SP; make CLASS=S
make[1]: Entering directory '/home/ibm23/zram/src/NPB-OMP/SP'
make[2]: Entering directory '/home/ibm23/zram/src/NPB-OMP/sys'
make[2]: Nothing to be done for 'all'.
make[2]: Leaving directory '/home/ibm23/zram/src/NPB-OMP/sys'
../sys/setparams sp S
make[2]: Entering directory '/home/ibm23/zram/src/NPB-OMP/SP'
gfortran -c  -O3 -fopenmp sp_data.f90
sed -e 's/= 0/= 0/' blk_par0.h > blk_par.h_wk
gfortran -c  -O3 -fopenmp sp.f90
gfortran -c  -O3 -fopenmp initialize.f90
gfortran -c  -O3 -fopenmp exact_solution.f90
gfortran -c  -O3 -fopenmp exact_rhs.f90
gfortran -c  -O3 -fopenmp set_constants.f90
gfortran -c  -O3 -fopenmp adi.f90
gfortran -c  -O3 -fopenmp rhs.f90
gfortran -c  -O3 -fopenmp work_lhs.f90
gfortran -c  -O3 -fopenmp x_solve.f90
gfortran -c  -O3 -fopenmp ninvr.f90
gfortran -c  -O3 -fopenmp y_solve.f90
gfortran -c  -O3 -fopenmp pinvr.f90
gfortran -c  -O3 -fopenmp z_solve.f90
gfortran -c  -O3 -fopenmp tzetar.f90
gfortran -c  -O3 -fopenmp add.f90
gfortran -c  -O3 -fopenmp txinvr.f90
gfortran -c  -O3 -fopenmp error.f90
gfortran -c  -O3 -fopenmp verify.f90
gfortran -O3 -fopenmp -o ../bin/sp.S.x sp.o sp_data.o initialize.o exact_solution.o exact_rhs.o set_constants.o adi.o rhs.o work_lhs.o x_solve.o ninvr.o y_solve.o pinvr.o z_solve.o tzetar.o add.o txinvr.o error.o verify.o ../common/print_results.o ../common/timers.o ../common/wtime.o 
make[2]: Leaving directory '/home/ibm23/zram/src/NPB-OMP/SP'
make[1]: Leaving directory '/home/ibm23/zram/src/NPB-OMP/SP'
make: Leaving directory '/home/ibm23/zram/src/NPB-OMP'

[LOG] Benchmark sp/S iniciado: 11/11/2024 as 19:06:53
[FILE] Arquivo criado: ../output/11112024_190435_benchmarks/sp-S.log
[INFO] zramctl:
NAME       ALGORITHM DISKSIZE DATA COMPR TOTAL STREAMS MOUNTPOINT
/dev/zram0 lzo-rle         8G   4K   74B   12K       8 [SWAP]
[LOG] Benchmark sp/S (0% ZRAM) iniciado: 11/11/2024 19:07:03
[LOG] Teste 1 iniciado: 11/11/2024 19:07:03
[LOG] Benchmark sp/S (0% ZRAM) finalizado: 11/11/2024 19:07:03
[INFO] Escrevendo resultados no csv...
[INFO] zramctl:
NAME       ALGORITHM DISKSIZE DATA COMPR TOTAL STREAMS MOUNTPOINT
/dev/zram0 lzo-rle         8G   4K   74B   12K       8 [SWAP]
[LOG] Benchmark sp/S (50% ZRAM) iniciado: 11/11/2024 19:07:14
[LOG] Teste 1 iniciado: 11/11/2024 19:07:14
[LOG] Benchmark sp/S (50% ZRAM) finalizado: 11/11/2024 19:07:14
[INFO] Escrevendo resultados no csv...
[LOG] Benchmark sp/S finalizado: 11/11/2024 as 19:07:14

-~~-~~-~~-~~-~~-~~- Benchmark lu/S -~~-~~-~~-~~-~~-~~-
[LOG] Compilando benchmark lu/S
make: Entering directory '/home/ibm23/zram/src/NPB-OMP'
   ============================================
   =      NAS PARALLEL BENCHMARKS 3.4         =
   =      OpenMP Versions                     =
   =      Fortran/C                           =
   ============================================

cd LU; make CLASS=S VERSION=
make[1]: Entering directory '/home/ibm23/zram/src/NPB-OMP/LU'
make[2]: Entering directory '/home/ibm23/zram/src/NPB-OMP/sys'
make[2]: Nothing to be done for 'all'.
make[2]: Leaving directory '/home/ibm23/zram/src/NPB-OMP/sys'
../sys/setparams lu S
make[2]: Entering directory '/home/ibm23/zram/src/NPB-OMP/LU'
gfortran -c  -O3 -fopenmp lu_data.f90
gfortran -c  -O3 -fopenmp lu.f90
gfortran -c  -O3 -fopenmp read_input.f90
gfortran -c  -O3 -fopenmp domain.f90
gfortran -c  -O3 -fopenmp setcoeff.f90
gfortran -c  -O3 -fopenmp setbv.f90
gfortran -c  -O3 -fopenmp exact.f90
gfortran -c  -O3 -fopenmp setiv.f90
gfortran -c  -O3 -fopenmp erhs.f90
gfortran -c  -O3 -fopenmp ssor.f90
gfortran -c  -O3 -fopenmp rhs.f90
gfortran -c  -O3 -fopenmp l2norm.f90
gfortran -c  -O3 -fopenmp jacld.f90
gfortran -c  -O3 -fopenmp blts.f90
gfortran -c  -O3 -fopenmp jacu.f90
gfortran -c  -O3 -fopenmp buts.f90
gfortran -c  -O3 -fopenmp error.f90
gfortran -c  -O3 -fopenmp pintgr.f90
gfortran -c  -O3 -fopenmp verify.f90
gfortran -c  -O3 -fopenmp syncs.f90
gfortran -O3 -fopenmp -o ../bin/lu.S.x lu.o lu_data.o read_input.o domain.o setcoeff.o setbv.o exact.o setiv.o erhs.o ssor.o rhs.o l2norm.o jacld.o blts.o jacu.o buts.o error.o pintgr.o verify.o ../common/print_results.o ../common/timers.o ../common/wtime.o syncs.o 
make[2]: Leaving directory '/home/ibm23/zram/src/NPB-OMP/LU'
make[1]: Leaving directory '/home/ibm23/zram/src/NPB-OMP/LU'
make: Leaving directory '/home/ibm23/zram/src/NPB-OMP'

[LOG] Benchmark lu/S iniciado: 11/11/2024 as 19:07:19
[FILE] Arquivo criado: ../output/11112024_190435_benchmarks/lu-S.log
[INFO] zramctl:
NAME       ALGORITHM DISKSIZE DATA COMPR TOTAL STREAMS MOUNTPOINT
/dev/zram0 lzo-rle         8G   4K   74B   12K       8 [SWAP]
[LOG] Benchmark lu/S (0% ZRAM) iniciado: 11/11/2024 19:07:29
[LOG] Teste 1 iniciado: 11/11/2024 19:07:29
[LOG] Benchmark lu/S (0% ZRAM) finalizado: 11/11/2024 19:07:29
[INFO] Escrevendo resultados no csv...
[INFO] zramctl:
NAME       ALGORITHM DISKSIZE DATA COMPR TOTAL STREAMS MOUNTPOINT
/dev/zram0 lzo-rle         8G   4K   74B   12K       8 [SWAP]
[LOG] Benchmark lu/S (50% ZRAM) iniciado: 11/11/2024 19:07:39
[LOG] Teste 1 iniciado: 11/11/2024 19:07:39
[LOG] Benchmark lu/S (50% ZRAM) finalizado: 11/11/2024 19:07:39
[INFO] Escrevendo resultados no csv...
[LOG] Benchmark lu/S finalizado: 11/11/2024 as 19:07:39

-~~-~~-~~-~~-~~-~~- Benchmark lu/S -~~-~~-~~-~~-~~-~~-
[LOG] Compilando benchmark lu/S
make: Entering directory '/home/ibm23/zram/src/NPB-OMP'
   ============================================
   =      NAS PARALLEL BENCHMARKS 3.4         =
   =      OpenMP Versions                     =
   =      Fortran/C                           =
   ============================================

cd LU; make CLASS=S VERSION=
make[1]: Entering directory '/home/ibm23/zram/src/NPB-OMP/LU'
make[2]: Entering directory '/home/ibm23/zram/src/NPB-OMP/sys'
make[2]: Nothing to be done for 'all'.
make[2]: Leaving directory '/home/ibm23/zram/src/NPB-OMP/sys'
../sys/setparams lu S
make[2]: Entering directory '/home/ibm23/zram/src/NPB-OMP/LU'
gfortran -O3 -fopenmp -o ../bin/lu.S.x lu.o lu_data.o read_input.o domain.o setcoeff.o setbv.o exact.o setiv.o erhs.o ssor.o rhs.o l2norm.o jacld.o blts.o jacu.o buts.o error.o pintgr.o verify.o ../common/print_results.o ../common/timers.o ../common/wtime.o syncs.o 
make[2]: Leaving directory '/home/ibm23/zram/src/NPB-OMP/LU'
make[1]: Leaving directory '/home/ibm23/zram/src/NPB-OMP/LU'
make: Leaving directory '/home/ibm23/zram/src/NPB-OMP'

[LOG] Benchmark lu/S iniciado: 11/11/2024 as 19:07:39
[FILE] Arquivo criado: ../output/11112024_190435_benchmarks/lu-S.log
[INFO] zramctl:
NAME       ALGORITHM DISKSIZE DATA COMPR TOTAL STREAMS MOUNTPOINT
/dev/zram0 lzo-rle         8G   4K   74B   12K       8 [SWAP]
[LOG] Benchmark lu/S (0% ZRAM) iniciado: 11/11/2024 19:07:49
[LOG] Teste 1 iniciado: 11/11/2024 19:07:49
[LOG] Benchmark lu/S (0% ZRAM) finalizado: 11/11/2024 19:07:50
[INFO] Escrevendo resultados no csv...
[INFO] zramctl:
NAME       ALGORITHM DISKSIZE DATA COMPR TOTAL STREAMS MOUNTPOINT
/dev/zram0 lzo-rle         8G   4K   74B   12K       8 [SWAP]
[LOG] Benchmark lu/S (50% ZRAM) iniciado: 11/11/2024 19:08:00
[LOG] Teste 1 iniciado: 11/11/2024 19:08:00
[LOG] Benchmark lu/S (50% ZRAM) finalizado: 11/11/2024 19:08:00
[INFO] Escrevendo resultados no csv...
[LOG] Benchmark lu/S finalizado: 11/11/2024 as 19:08:00

-~~-~~-~~-~~-~~-~~- Benchmark ua/S -~~-~~-~~-~~-~~-~~-
[LOG] Compilando benchmark ua/S
make: Entering directory '/home/ibm23/zram/src/NPB-OMP'
   ============================================
   =      NAS PARALLEL BENCHMARKS 3.4         =
   =      OpenMP Versions                     =
   =      Fortran/C                           =
   ============================================

cd UA; make CLASS=S
make[1]: Entering directory '/home/ibm23/zram/src/NPB-OMP/UA'
make[2]: Entering directory '/home/ibm23/zram/src/NPB-OMP/sys'
make[2]: Nothing to be done for 'all'.
make[2]: Leaving directory '/home/ibm23/zram/src/NPB-OMP/sys'
../sys/setparams ua S
gfortran -c  -O3 -fopenmp ua_data.f90
gfortran -c  -O3 -fopenmp ua.f90
gfortran -c  -O3 -fopenmp convect.f90
gfortran -c  -O3 -fopenmp diffuse.f90
gfortran -c  -O3 -fopenmp adapt.f90
gfortran -c  -O3 -fopenmp move.f90
gfortran -c  -O3 -fopenmp mason.f90
gfortran -c  -O3 -fopenmp precond.f90
gfortran -c  -O3 -fopenmp utils.f90
gfortran -c  -O3 -fopenmp verify.f90
gfortran -c  -O3 -fopenmp setup.f90
gfortran -c  -O3 -fopenmp transfer.f90
make[2]: Entering directory '/home/ibm23/zram/src/NPB-OMP/UA'
gfortran -O3 -fopenmp -o ../bin/ua.S.x ua.o ua_data.o convect.o diffuse.o adapt.o move.o mason.o precond.o utils.o verify.o setup.o transfer.o ../common/print_results.o ../common/timers.o ../common/wtime.o 
make[2]: Leaving directory '/home/ibm23/zram/src/NPB-OMP/UA'
make[1]: Leaving directory '/home/ibm23/zram/src/NPB-OMP/UA'
make: Leaving directory '/home/ibm23/zram/src/NPB-OMP'

[LOG] Benchmark ua/S iniciado: 11/11/2024 as 19:08:08
[FILE] Arquivo criado: ../output/11112024_190435_benchmarks/ua-S.log
[INFO] zramctl:
NAME       ALGORITHM DISKSIZE DATA COMPR TOTAL STREAMS MOUNTPOINT
/dev/zram0 lzo-rle         8G   4K   74B   12K       8 [SWAP]
[LOG] Benchmark ua/S (0% ZRAM) iniciado: 11/11/2024 19:08:18
[LOG] Teste 1 iniciado: 11/11/2024 19:08:18
[LOG] Benchmark ua/S (0% ZRAM) finalizado: 11/11/2024 19:08:18
[INFO] Escrevendo resultados no csv...
[INFO] zramctl:
NAME       ALGORITHM DISKSIZE DATA COMPR TOTAL STREAMS MOUNTPOINT
/dev/zram0 lzo-rle         8G   4K   74B   12K       8 [SWAP]
[LOG] Benchmark ua/S (50% ZRAM) iniciado: 11/11/2024 19:08:28
[LOG] Teste 1 iniciado: 11/11/2024 19:08:28
[LOG] Benchmark ua/S (50% ZRAM) finalizado: 11/11/2024 19:08:29
[INFO] Escrevendo resultados no csv...
[LOG] Benchmark ua/S finalizado: 11/11/2024 as 19:08:29

-~~-~~-~~-~~-~~-~~- Finalizando benchmarks -~~-~~-~~-~~-~~-~~-
[LOG] Finalizando testes: 11/11/2024 as 19:08:29
