-~~-~~-~~-~~-~~-~~- Informacoes de execucao -~~-~~-~~-~~-~~-~~-
[INFO] Tempo estimado: 05h 35m 50s
[INFO] Benchmarks a serem executados: bt cg ep dc ft is lu mg sp ua
[INFO] Classes a serem executadas: C
[INFO] Porcentagem de ZRAM analisadas: 0 25 50 75 100

-~~-~~-~~-~~-~~-~~- Maquina dos testes -~~-~~-~~-~~-~~-~~-
[INFO] lsb_release -a:
Distributor ID:	Ubuntu
Description:	Ubuntu 24.04.1 LTS
Release:	24.04
Codename:	noble
[INFO] Uname -a:
Linux zram-ibm 6.8.0-49-generic #49-Ubuntu SMP PREEMPT_DYNAMIC Mon Nov 4 02:06:24 UTC 2024 x86_64 x86_64 x86_64 GNU/Linux
[INFO] cat /proc/meminfo:
MemTotal:         568052 kB
MemFree:          110556 kB
MemAvailable:     354112 kB
Buffers:           20440 kB
Cached:           226832 kB
SwapCached:            0 kB
Active:           223192 kB
Inactive:          59120 kB
Active(anon):      45680 kB
Inactive(anon):        0 kB
Active(file):     177512 kB
Inactive(file):    59120 kB
Unevictable:       27704 kB
Mlocked:           27580 kB
SwapTotal:             0 kB
SwapFree:              0 kB
Zswap:                 0 kB
Zswapped:              0 kB
Dirty:                68 kB
Writeback:             0 kB
AnonPages:         62760 kB
Mapped:            60148 kB
Shmem:              1812 kB
KReclaimable:      20276 kB
Slab:              85652 kB
SReclaimable:      20276 kB
SUnreclaim:        65376 kB
KernelStack:        2812 kB
PageTables:         2508 kB
SecPageTables:         0 kB
NFS_Unstable:          0 kB
Bounce:                0 kB
WritebackTmp:          0 kB
CommitLimit:      284024 kB
Committed_AS:     266708 kB
VmallocTotal:   34359738367 kB
VmallocUsed:       27552 kB
VmallocChunk:          0 kB
Percpu:             2448 kB
HardwareCorrupted:     0 kB
AnonHugePages:         0 kB
ShmemHugePages:        0 kB
ShmemPmdMapped:        0 kB
FileHugePages:         0 kB
FilePmdMapped:         0 kB
Unaccepted:            0 kB
HugePages_Total:       0
HugePages_Free:        0
HugePages_Rsvd:        0
HugePages_Surp:        0
Hugepagesize:       2048 kB
Hugetlb:               0 kB
DirectMap4k:      135168 kB
DirectMap2M:      491520 kB
DirectMap1G:           0 kB
[INFO] cat /proc/cpuinfo | more:
processor	: 0
vendor_id	: GenuineIntel
cpu family	: 6
model		: 158
model name	: Intel(R) Core(TM) i5-7400 CPU @ 3.00GHz
stepping	: 9
microcode	: 0xf8
cpu MHz		: 1800.007
cache size	: 6144 KB
physical id	: 0
siblings	: 4
core id		: 0
cpu cores	: 4
apicid		: 0
initial apicid	: 0
fpu		: yes
fpu_exception	: yes
cpuid level	: 22
wp		: yes
flags		: fpu vme de pse tsc msr pae mce cx8 apic sep mtrr pge mca cmov pat pse36 clflush dts acpi mmx fxsr sse sse2 ss ht tm pbe syscall nx pdpe1gb rdtscp lm constant_tsc art arch_perfmon pebs bts rep_good nopl xtopology nonstop_tsc cpuid aperfmperf pni pclmulqdq dtes64 monitor ds_cpl vmx est tm2 ssse3 sdbg fma cx16 xtpr pdcm pcid sse4_1 sse4_2 x2apic movbe popcnt tsc_deadline_timer aes xsave avx f16c rdrand lahf_lm abm 3dnowprefetch cpuid_fault epb pti ssbd ibrs ibpb stibp tpr_shadow flexpriority ept vpid ept_ad fsgsbase tsc_adjust sgx bmi1 avx2 smep bmi2 erms invpcid mpx rdseed adx smap clflushopt intel_pt xsaveopt xsavec xgetbv1 xsaves dtherm arat pln pts hwp hwp_notify hwp_act_window hwp_epp vnmi md_clear flush_l1d arch_capabilities
vmx flags	: vnmi preemption_timer invvpid ept_x_only ept_ad ept_1gb flexpriority tsc_offset vtpr mtf vapic ept vpid unrestricted_guest ple shadow_vmcs pml ept_mode_based_exec
bugs		: cpu_meltdown spectre_v1 spectre_v2 spec_store_bypass l1tf mds swapgs itlb_multihit srbds mmio_stale_data retbleed gds
bogomips	: 6000.00
clflush size	: 64
cache_alignment	: 64
address sizes	: 39 bits physical, 48 bits virtual
power management:

processor	: 1
vendor_id	: GenuineIntel
cpu family	: 6
model		: 158
model name	: Intel(R) Core(TM) i5-7400 CPU @ 3.00GHz
stepping	: 9
microcode	: 0xf8
cpu MHz		: 1800.391
cache size	: 6144 KB
physical id	: 0
siblings	: 4
core id		: 1
cpu cores	: 4
apicid		: 2
initial apicid	: 2
fpu		: yes
fpu_exception	: yes
cpuid level	: 22
wp		: yes
flags		: fpu vme de pse tsc msr pae mce cx8 apic sep mtrr pge mca cmov pat pse36 clflush dts acpi mmx fxsr sse sse2 ss ht tm pbe syscall nx pdpe1gb rdtscp lm constant_tsc art arch_perfmon pebs bts rep_good nopl xtopology nonstop_tsc cpuid aperfmperf pni pclmulqdq dtes64 monitor ds_cpl vmx est tm2 ssse3 sdbg fma cx16 xtpr pdcm pcid sse4_1 sse4_2 x2apic movbe popcnt tsc_deadline_timer aes xsave avx f16c rdrand lahf_lm abm 3dnowprefetch cpuid_fault epb pti ssbd ibrs ibpb stibp tpr_shadow flexpriority ept vpid ept_ad fsgsbase tsc_adjust sgx bmi1 avx2 smep bmi2 erms invpcid mpx rdseed adx smap clflushopt intel_pt xsaveopt xsavec xgetbv1 xsaves dtherm arat pln pts hwp hwp_notify hwp_act_window hwp_epp vnmi md_clear flush_l1d arch_capabilities
vmx flags	: vnmi preemption_timer invvpid ept_x_only ept_ad ept_1gb flexpriority tsc_offset vtpr mtf vapic ept vpid unrestricted_guest ple shadow_vmcs pml ept_mode_based_exec
bugs		: cpu_meltdown spectre_v1 spectre_v2 spec_store_bypass l1tf mds swapgs itlb_multihit srbds mmio_stale_data retbleed gds
bogomips	: 6000.00
clflush size	: 64
cache_alignment	: 64
address sizes	: 39 bits physical, 48 bits virtual
power management:

processor	: 2
vendor_id	: GenuineIntel
cpu family	: 6
model		: 158
model name	: Intel(R) Core(TM) i5-7400 CPU @ 3.00GHz
stepping	: 9
microcode	: 0xf8
cpu MHz		: 1800.017
cache size	: 6144 KB
physical id	: 0
siblings	: 4
core id		: 2
cpu cores	: 4
apicid		: 4
initial apicid	: 4
fpu		: yes
fpu_exception	: yes
cpuid level	: 22
wp		: yes
flags		: fpu vme de pse tsc msr pae mce cx8 apic sep mtrr pge mca cmov pat pse36 clflush dts acpi mmx fxsr sse sse2 ss ht tm pbe syscall nx pdpe1gb rdtscp lm constant_tsc art arch_perfmon pebs bts rep_good nopl xtopology nonstop_tsc cpuid aperfmperf pni pclmulqdq dtes64 monitor ds_cpl vmx est tm2 ssse3 sdbg fma cx16 xtpr pdcm pcid sse4_1 sse4_2 x2apic movbe popcnt tsc_deadline_timer aes xsave avx f16c rdrand lahf_lm abm 3dnowprefetch cpuid_fault epb pti ssbd ibrs ibpb stibp tpr_shadow flexpriority ept vpid ept_ad fsgsbase tsc_adjust sgx bmi1 avx2 smep bmi2 erms invpcid mpx rdseed adx smap clflushopt intel_pt xsaveopt xsavec xgetbv1 xsaves dtherm arat pln pts hwp hwp_notify hwp_act_window hwp_epp vnmi md_clear flush_l1d arch_capabilities
vmx flags	: vnmi preemption_timer invvpid ept_x_only ept_ad ept_1gb flexpriority tsc_offset vtpr mtf vapic ept vpid unrestricted_guest ple shadow_vmcs pml ept_mode_based_exec
bugs		: cpu_meltdown spectre_v1 spectre_v2 spec_store_bypass l1tf mds swapgs itlb_multihit srbds mmio_stale_data retbleed gds
bogomips	: 6000.00
clflush size	: 64
cache_alignment	: 64
address sizes	: 39 bits physical, 48 bits virtual
power management:

processor	: 3
vendor_id	: GenuineIntel
cpu family	: 6
model		: 158
model name	: Intel(R) Core(TM) i5-7400 CPU @ 3.00GHz
stepping	: 9
microcode	: 0xf8
cpu MHz		: 1800.039
cache size	: 6144 KB
physical id	: 0
siblings	: 4
core id		: 3
cpu cores	: 4
apicid		: 6
initial apicid	: 6
fpu		: yes
fpu_exception	: yes
cpuid level	: 22
wp		: yes
flags		: fpu vme de pse tsc msr pae mce cx8 apic sep mtrr pge mca cmov pat pse36 clflush dts acpi mmx fxsr sse sse2 ss ht tm pbe syscall nx pdpe1gb rdtscp lm constant_tsc art arch_perfmon pebs bts rep_good nopl xtopology nonstop_tsc cpuid aperfmperf pni pclmulqdq dtes64 monitor ds_cpl vmx est tm2 ssse3 sdbg fma cx16 xtpr pdcm pcid sse4_1 sse4_2 x2apic movbe popcnt tsc_deadline_timer aes xsave avx f16c rdrand lahf_lm abm 3dnowprefetch cpuid_fault epb pti ssbd ibrs ibpb stibp tpr_shadow flexpriority ept vpid ept_ad fsgsbase tsc_adjust sgx bmi1 avx2 smep bmi2 erms invpcid mpx rdseed adx smap clflushopt intel_pt xsaveopt xsavec xgetbv1 xsaves dtherm arat pln pts hwp hwp_notify hwp_act_window hwp_epp vnmi md_clear flush_l1d arch_capabilities
vmx flags	: vnmi preemption_timer invvpid ept_x_only ept_ad ept_1gb flexpriority tsc_offset vtpr mtf vapic ept vpid unrestricted_guest ple shadow_vmcs pml ept_mode_based_exec
bugs		: cpu_meltdown spectre_v1 spectre_v2 spec_store_bypass l1tf mds swapgs itlb_multihit srbds mmio_stale_data retbleed gds
bogomips	: 6000.00
clflush size	: 64
cache_alignment	: 64
address sizes	: 39 bits physical, 48 bits virtual
power management:

[INFO] df -ha:
Filesystem                         Size  Used Avail Use% Mounted on
sysfs                                 0     0     0    - /sys
proc                                  0     0     0    - /proc
udev                               242M     0  242M   0% /dev
devpts                                0     0     0    - /dev/pts
tmpfs                               56M  1,6M   54M   3% /run
efivarfs                           256K  236K   16K  94% /sys/firmware/efi/efivars
/dev/mapper/ubuntu--vg-ubuntu--lv  9,8G  3,3G  6,0G  36% /
securityfs                            0     0     0    - /sys/kernel/security
tmpfs                              278M     0  278M   0% /dev/shm
tmpfs                              5,0M     0  5,0M   0% /run/lock
cgroup2                               0     0     0    - /sys/fs/cgroup
pstore                                0     0     0    - /sys/fs/pstore
bpf                                   0     0     0    - /sys/fs/bpf
systemd-1                             -     -     -    - /proc/sys/fs/binfmt_misc
hugetlbfs                             0     0     0    - /dev/hugepages
debugfs                               0     0     0    - /sys/kernel/debug
mqueue                                0     0     0    - /dev/mqueue
tracefs                               0     0     0    - /sys/kernel/tracing
fusectl                               0     0     0    - /sys/fs/fuse/connections
configfs                              0     0     0    - /sys/kernel/config
/dev/sdc2                          1,7G  183M  1,5G  12% /boot
/dev/sdc1                          682M  6,2M  676M   1% /boot/efi
binfmt_misc                           0     0     0    - /proc/sys/fs/binfmt_misc
tmpfs                               56M   12K   56M   1% /run/user/1000
[INFO] fdisk -l:
Disk /dev/sda: 447,13 GiB, 480103981056 bytes, 937703088 sectors
Disk model: KINGSTON SA400S3
Units: sectors of 1 * 512 = 512 bytes
Sector size (logical/physical): 512 bytes / 512 bytes
I/O size (minimum/optimal): 512 bytes / 512 bytes
Disklabel type: gpt
Disk identifier: 05CBFF7B-75EF-4FF8-9654-6BDB6E10DD98

Device     Start       End   Sectors  Size Type
/dev/sda1   2048      4095      2048    1M BIOS boot
/dev/sda2   4096 937504767 937500672  447G Linux filesystem


Disk /dev/sdb: 931,51 GiB, 1000204886016 bytes, 1953525168 sectors
Disk model: ST1000DM010-2EP1
Units: sectors of 1 * 512 = 512 bytes
Sector size (logical/physical): 512 bytes / 4096 bytes
I/O size (minimum/optimal): 4096 bytes / 4096 bytes
Disklabel type: gpt
Disk identifier: A1960133-F44F-4461-B04F-15B25B5A3151

Device     Start        End    Sectors   Size Type
/dev/sdb1   2048 1953521663 1953519616 931,5G Linux filesystem


Disk /dev/sdc: 14,32 GiB, 15376318464 bytes, 30031872 sectors
Disk model: Cruzer Blade    
Units: sectors of 1 * 512 = 512 bytes
Sector size (logical/physical): 512 bytes / 512 bytes
I/O size (minimum/optimal): 512 bytes / 512 bytes
Disklabel type: gpt
Disk identifier: 8BC200C2-9237-4302-B4A4-CE6DAE0A1A70

Device       Start      End  Sectors  Size Type
/dev/sdc1     2048  1400831  1398784  683M EFI System
/dev/sdc2  1400832  5070847  3670016  1,8G Linux filesystem
/dev/sdc3  5070848 30029823 24958976 11,9G Linux filesystem


Disk /dev/mapper/ubuntu--vg-ubuntu--lv: 10 GiB, 10737418240 bytes, 20971520 sectors
Units: sectors of 1 * 512 = 512 bytes
Sector size (logical/physical): 512 bytes / 512 bytes
I/O size (minimum/optimal): 512 bytes / 512 bytes

-~~-~~-~~-~~-~~-~~- Preparacao do sistema -~~-~~-~~-~~-~~-~~-
[LOG] Desabilitando DVFS (CPU frequency scaling) usando cpufrequtils
[LOG] Desabilitando Turbo boost (echo 1 > /sys/devices/system/cpu/intel_pstate/no_turbo)

-~~-~~-~~-~~-~~-~~- Iniciando benchmarks -~~-~~-~~-~~-~~-~~-
[LOG] Iniciando testes: 26/02/2025 as 16:53:06

-~~-~~-~~-~~-~~-~~- Benchmark bt/C -~~-~~-~~-~~-~~-~~-
[LOG] Compilando benchmark bt/C
make: Entering directory '/home/ibm23/zram/src/NPB-OMP'
   ============================================
   =      NAS PARALLEL BENCHMARKS 3.4         =
   =      OpenMP Versions                     =
   =      Fortran/C                           =
   ============================================

cd BT; make CLASS=C VERSION=
make[1]: Entering directory '/home/ibm23/zram/src/NPB-OMP/BT'
make[2]: Entering directory '/home/ibm23/zram/src/NPB-OMP/sys'
make[2]: Nothing to be done for 'all'.
make[2]: Leaving directory '/home/ibm23/zram/src/NPB-OMP/sys'
../sys/setparams bt C
make[2]: Entering directory '/home/ibm23/zram/src/NPB-OMP/BT'
sed -e 's/= 0/= 0/' blk_par0.h > blk_par.h_wk
gfortran -O3 -fopenmp -o ../bin/bt.C.x bt.o bt_data.o initialize.o exact_solution.o exact_rhs.o set_constants.o adi.o  rhs.o x_solve.o y_solve.o solve_subs.o z_solve.o add.o error.o verify.o work_lhs.o ../common/print_results.o ../common/timers.o ../common/wtime.o 
make[2]: Leaving directory '/home/ibm23/zram/src/NPB-OMP/BT'
make[1]: Leaving directory '/home/ibm23/zram/src/NPB-OMP/BT'
make: Leaving directory '/home/ibm23/zram/src/NPB-OMP'

[LOG] Benchmark bt/C iniciado: 26/02/2025 as 16:53:06
[FILE] Arquivo criado: ../output/26022025_165305_benchmarks/bt-C.log
[INFO] zramctl:
[LOG] Benchmark bt/C (0% ZRAM) iniciado: 26/02/2025 16:53:16
[LOG] Teste 1 iniciado: 26/02/2025 16:53:16
[ERROR] Erro na execucao do benchmark
STATUS: 137
[LOG] Benchmark bt/C (0% ZRAM) iniciado: 26/02/2025 16:53:18
[LOG] Teste 2 iniciado: 26/02/2025 16:53:18
[ERROR] Erro na execucao do benchmark
STATUS: 137
[INFO] zramctl:
NAME       ALGORITHM DISKSIZE DATA COMPR TOTAL STREAMS MOUNTPOINT
/dev/zram0 lzo-rle     138,7M   4K   73B   12K       4 [SWAP]
[LOG] Benchmark bt/C (25% ZRAM) iniciado: 26/02/2025 16:53:32
[LOG] Teste 1 iniciado: 26/02/2025 16:53:32
[ERROR] Erro na execucao do benchmark
STATUS: 137
