[ID] Benchmark ep - classe B
[TIME] Benchmark totalmente iniciado: 2024-10-24 21:19:25

Memoria livre e existente na maquina
               total        used        free      shared  buff/cache   available
Mem:            13Gi       2.1Gi       9.5Gi        30Mi       2.3Gi        11Gi
Low:            13Gi       4.1Gi       9.5Gi
High:             0B          0B          0B
Swap:          8.0Gi          0B       8.0Gi

[INFO] Iniciado benchmark com 0% (0 gb) de ZRAM
[TIME] Benchmark iniciado: 2024-10-24 21:19:35


 NAS Parallel Benchmarks (NPB3.4-OMP) - EP Benchmark

 Number of random numbers generated:      2147483648
 Number of available threads:                      8

EP Benchmark Results:

CPU Time =     4.731
N = 2^   30
No. Gaussian Pairs =     843345606.
Sums =     6.728927543423034D+08    6.728951822504047D+08
Counts:
  0     393058470.
  1     375280898.
  2      70460742.
  3       4438852.
  4        105691.
  5           948.
  6             5.
  7             0.
  8             0.
  9             0.


 EP Benchmark Completed.
 Class           =                        B
 Size            =               2147483648
 Iterations      =                        0
 Time in seconds =                     4.73
 Total threads   =                        8
 Avail threads   =                        8
 Mop/s total     =                   453.89
 Mop/s/thread    =                    56.74
 Operation type  = Random numbers generated
 Verification    =               SUCCESSFUL
 Version         =                    3.4.3
 Compile date    =              24 Oct 2024

 Compile options:
    FC           = gfortran
    FLINK        = $(FC)
    F_LIB        = (none)
    F_INC        = (none)
    FFLAGS       = -O3 -fopenmp
    FLINKFLAGS   = $(FFLAGS)
    RAND         = randi8


 Please send all errors/feedbacks to:

 NPB Development Team
 npb@nas.nasa.gov



real	0m4.748s
user	0m37.663s
sys	0m0.010s
[TIME] Benchmark finalizado: 2024-10-24 21:19:40

[INFO] Iniciado benchmark com 50% (0 gb) de ZRAM
[TIME] Benchmark iniciado: 2024-10-24 21:19:50


 NAS Parallel Benchmarks (NPB3.4-OMP) - EP Benchmark

 Number of random numbers generated:      2147483648
 Number of available threads:                      8

EP Benchmark Results:

CPU Time =     5.059
N = 2^   30
No. Gaussian Pairs =     843345606.
Sums =     6.728927543423033D+08    6.728951822504048D+08
Counts:
  0     393058470.
  1     375280898.
  2      70460742.
  3       4438852.
  4        105691.
  5           948.
  6             5.
  7             0.
  8             0.
  9             0.


 EP Benchmark Completed.
 Class           =                        B
 Size            =               2147483648
 Iterations      =                        0
 Time in seconds =                     5.06
 Total threads   =                        8
 Avail threads   =                        8
 Mop/s total     =                   424.47
 Mop/s/thread    =                    53.06
 Operation type  = Random numbers generated
 Verification    =               SUCCESSFUL
 Version         =                    3.4.3
 Compile date    =              24 Oct 2024

 Compile options:
    FC           = gfortran
    FLINK        = $(FC)
    F_LIB        = (none)
    F_INC        = (none)
    FFLAGS       = -O3 -fopenmp
    FLINKFLAGS   = $(FFLAGS)
    RAND         = randi8


 Please send all errors/feedbacks to:

 NPB Development Team
 npb@nas.nasa.gov



real	0m5.076s
user	0m40.250s
sys	0m0.017s
[TIME] Benchmark finalizado: 2024-10-24 21:19:55

[TIME] Benchmark totalmente finalizado: 2024-10-24 21:19:55
