[ID] Benchmark ft - classe S
[TIME] Benchmark totalmente iniciado: 2024-10-24 21:26:16

Memoria livre e existente na maquina
               total        used        free      shared  buff/cache   available
Mem:            13Gi       2.1Gi       9.4Gi        31Mi       2.3Gi        11Gi
Low:            13Gi       4.2Gi       9.4Gi
High:             0B          0B          0B
Swap:          8.0Gi          0B       8.0Gi

[INFO] Iniciado benchmark com 0% (0 gb) de ZRAM
[TIME] Benchmark iniciado: 2024-10-24 21:26:27


 NAS Parallel Benchmarks (NPB3.4-OMP) - FT Benchmark

 Size                :   64x  64x  64
 Iterations                  :      6
 Number of available threads :      8

 T =    1     Checksum =    5.546087004964D+02    4.845363331978D+02
 T =    2     Checksum =    5.546385409190D+02    4.865304269511D+02
 T =    3     Checksum =    5.546148406171D+02    4.883910722337D+02
 T =    4     Checksum =    5.545423607415D+02    4.901273169046D+02
 T =    5     Checksum =    5.544255039624D+02    4.917475857993D+02
 T =    6     Checksum =    5.542683411903D+02    4.932597244941D+02
 Result verification successful
 class = S


 FT Benchmark Completed.
 Class           =                        S
 Size            =             64x  64x  64
 Iterations      =                        6
 Time in seconds =                     0.03
 Total threads   =                        8
 Avail threads   =                        8
 Mop/s total     =                  6829.18
 Mop/s/thread    =                   853.65
 Operation type  =           floating point
 Verification    =               SUCCESSFUL
 Version         =                    3.4.3
 Compile date    =              24 Oct 2024

 Compile options:
    FC           = gfortran
    FLINK        = $(FC)
    F_LIB        = (none)
    F_INC        = (none)
    FFLAGS       = -O3 -fopenmp
    FLINKFLAGS   = $(FFLAGS)
    RAND         = randi8


 Please send all errors/feedbacks to:

 NPB Development Team
 npb@nas.nasa.gov



real	0m0.041s
user	0m0.255s
sys	0m0.010s
[TIME] Benchmark finalizado: 2024-10-24 21:26:27

[INFO] Iniciado benchmark com 50% (0 gb) de ZRAM
[TIME] Benchmark iniciado: 2024-10-24 21:26:37


 NAS Parallel Benchmarks (NPB3.4-OMP) - FT Benchmark

 Size                :   64x  64x  64
 Iterations                  :      6
 Number of available threads :      8

 T =    1     Checksum =    5.546087004964D+02    4.845363331978D+02
 T =    2     Checksum =    5.546385409190D+02    4.865304269511D+02
 T =    3     Checksum =    5.546148406171D+02    4.883910722337D+02
 T =    4     Checksum =    5.545423607415D+02    4.901273169046D+02
 T =    5     Checksum =    5.544255039624D+02    4.917475857993D+02
 T =    6     Checksum =    5.542683411903D+02    4.932597244941D+02
 Result verification successful
 class = S


 FT Benchmark Completed.
 Class           =                        S
 Size            =             64x  64x  64
 Iterations      =                        6
 Time in seconds =                     0.02
 Total threads   =                        8
 Avail threads   =                        8
 Mop/s total     =                  7832.37
 Mop/s/thread    =                   979.05
 Operation type  =           floating point
 Verification    =               SUCCESSFUL
 Version         =                    3.4.3
 Compile date    =              24 Oct 2024

 Compile options:
    FC           = gfortran
    FLINK        = $(FC)
    F_LIB        = (none)
    F_INC        = (none)
    FFLAGS       = -O3 -fopenmp
    FLINKFLAGS   = $(FFLAGS)
    RAND         = randi8


 Please send all errors/feedbacks to:

 NPB Development Team
 npb@nas.nasa.gov



real	0m0.036s
user	0m0.217s
sys	0m0.015s
[TIME] Benchmark finalizado: 2024-10-24 21:26:37

[TIME] Benchmark totalmente finalizado: 2024-10-24 21:26:37
