-~~-~~-~~-~~-~~-~~- Benchmark bt - classe C, -~~-~~-~~-~~-~~-~~-
[TIME] Benchmark totalmente iniciado: 25/10/2024 as 15:17:02

-~~-~~-~~-~~-~~-~~- 0% (0 gb) de ZRAM -~~-~~-~~-~~-~~-~~-
[INFO] Iniciado benchmark com 0% (0 gb) de ZRAM
[TIME] Benchmark iniciado: 25/10/2024 as 15:17:12


 NAS Parallel Benchmarks (NPB3.4-OMP) - BT Benchmark

 No input file inputbt.data. Using compiled defaults
 Size:  162x 162x 162
 Iterations:  200       dt:   0.0001000
 Number of available threads:     8

 Time step    1
 Time step   20
 Time step   40
 Time step   60
 Time step   80
 Time step  100
 Time step  120
 Time step  140
 Time step  160
 Time step  180
 Time step  200
 Verification being performed for class C
 accuracy setting for epsilon =  0.1000000000000E-07
 Comparison of RMS-norms of residual
           1 0.6239811655177E+04 0.6239811655176E+04 0.7579351285861E-14
           2 0.5079323919042E+03 0.5079323919042E+03 0.4924101060968E-14
           3 0.1542353009301E+04 0.1542353009301E+04 0.2653559939454E-14
           4 0.1330238792929E+04 0.1330238792929E+04 0.3076685313744E-14
           5 0.1160408742844E+05 0.1160408742844E+05 0.7837709836141E-15
 Comparison of RMS-norms of solution error
           1 0.1646200836909E+03 0.1646200836909E+03 0.2244454104938E-14
           2 0.1149710790382E+02 0.1149710790382E+02 0.7879738066934E-14
           3 0.4120744620746E+02 0.4120744620746E+02 0.1551875986113E-14
           4 0.3708765105969E+02 0.3708765105969E+02 0.1724262507633E-14
           5 0.3621105305184E+03 0.3621105305184E+03 0.2511649413981E-14
 Verification Successful


 BT Benchmark Completed.
 Class           =                        C
 Size            =            162x 162x 162
 Iterations      =                      200
 Time in seconds =                   247.99
 Total threads   =                        8
 Avail threads   =                        8
 Mop/s total     =                 11557.84
 Mop/s/thread    =                  1444.73
 Operation type  =           floating point
 Verification    =               SUCCESSFUL
 Version         =                    3.4.3
 Compile date    =              25 Oct 2024

 Compile options:
    FC           = gfortran
    FLINK        = $(FC)
    F_LIB        = (none)
    F_INC        = (none)
    FFLAGS       = -O3 -fopenmp
    FLINKFLAGS   = $(FFLAGS)
    RAND         = (none)


 Please send all errors/feedbacks to:

 NPB Development Team
 npb@nas.nasa.gov



real	4m9.883s
user	31m19.797s
sys	0m0.847s
[TIME] Benchmark finalizado: 25/10/2024 as 15:21:22

-~~-~~-~~-~~-~~-~~- 50% (0 gb) de ZRAM -~~-~~-~~-~~-~~-~~-
[INFO] Iniciado benchmark com 50% (0 gb) de ZRAM
[TIME] Benchmark iniciado: 25/10/2024 as 15:21:32
---------------- RESULTADOS ZRAM (bytes) ---------------- 
More information: https://docs.kernel.org/admin-guide/blockdev/zram.html

DISKSIZE: 
8589934592
INITSTATE: 
8589934592
WRITEBACK_LIMIT_ENABLE: 
8589934592
MAX_COMP_STREAMS: 
8589934592
COMP_ALGORITHM: 
8589934592
DEBUG_STAT: 
8589934592
BACKING_DEV: 
8589934592
STATS: 
      51        0     2360        0        1        0        8        0        0        0        0        0        0        0        0        0        0
STATS I/O: 
       0        0 0        0
STATS mm: 
    4096       74    12288        0    12288        0        0        0        0
STATS bd: 
       0        0        0
--------------------------------------------------------- 


 NAS Parallel Benchmarks (NPB3.4-OMP) - BT Benchmark

 No input file inputbt.data. Using compiled defaults
 Size:  162x 162x 162
 Iterations:  200       dt:   0.0001000
 Number of available threads:     8

 Time step    1
 Time step   20
 Time step   40
 Time step   60
 Time step   80
 Time step  100
 Time step  120
 Time step  140
 Time step  160
 Time step  180
 Time step  200
 Verification being performed for class C
 accuracy setting for epsilon =  0.1000000000000E-07
 Comparison of RMS-norms of residual
           1 0.6239811655177E+04 0.6239811655176E+04 0.7579351285861E-14
           2 0.5079323919042E+03 0.5079323919042E+03 0.4812189673218E-14
           3 0.1542353009301E+04 0.1542353009301E+04 0.2653559939454E-14
           4 0.1330238792929E+04 0.1330238792929E+04 0.3076685313744E-14
           5 0.1160408742844E+05 0.1160408742844E+05 0.7837709836141E-15
 Comparison of RMS-norms of solution error
           1 0.1646200836909E+03 0.1646200836909E+03 0.2244454104938E-14
           2 0.1149710790382E+02 0.1149710790382E+02 0.7879738066934E-14
           3 0.4120744620746E+02 0.4120744620746E+02 0.1551875986113E-14
           4 0.3708765105969E+02 0.3708765105969E+02 0.1724262507633E-14
           5 0.3621105305184E+03 0.3621105305184E+03 0.2511649413981E-14
 Verification Successful


 BT Benchmark Completed.
 Class           =                        C
 Size            =            162x 162x 162
 Iterations      =                      200
 Time in seconds =                   258.93
 Total threads   =                        8
 Avail threads   =                        8
 Mop/s total     =                 11069.69
 Mop/s/thread    =                  1383.71
 Operation type  =           floating point
 Verification    =               SUCCESSFUL
 Version         =                    3.4.3
 Compile date    =              25 Oct 2024

 Compile options:
    FC           = gfortran
    FLINK        = $(FC)
    F_LIB        = (none)
    F_INC        = (none)
    FFLAGS       = -O3 -fopenmp
    FLINKFLAGS   = $(FFLAGS)
    RAND         = (none)


 Please send all errors/feedbacks to:

 NPB Development Team
 npb@nas.nasa.gov



real	4m20.791s
user	32m47.606s
sys	0m0.843s
---------------- RESULTADOS ZRAM (bytes) ---------------- 
More information: https://docs.kernel.org/admin-guide/blockdev/zram.html

DISKSIZE: 
8589934592
INITSTATE: 
8589934592
WRITEBACK_LIMIT_ENABLE: 
8589934592
MAX_COMP_STREAMS: 
8589934592
COMP_ALGORITHM: 
8589934592
DEBUG_STAT: 
8589934592
BACKING_DEV: 
8589934592
STATS: 
      51        0     2360        0        1        0        8        0        0        0        0        0        0        0        0        0        0
STATS I/O: 
       0        0 0        0
STATS mm: 
    4096       74    12288        0    12288        0        0        0        0
STATS bd: 
       0        0        0
--------------------------------------------------------- 
[TIME] Benchmark finalizado: 25/10/2024 as 15:25:53

[TIME] Benchmark totalmente finalizado: 25/10/2024 as 15:25:53
