-~~-~~-~~-~~-~~-~~- Benchmark ep - classe C, -~~-~~-~~-~~-~~-~~-
[TIME] Benchmark totalmente iniciado: 25/10/2024 as 14:49:16

-~~-~~-~~-~~-~~-~~- 0% (0 gb) de ZRAM -~~-~~-~~-~~-~~-~~-
[INFO] Iniciado benchmark com 0% (0 gb) de ZRAM
[TIME] Benchmark iniciado: 25/10/2024 as 14:49:26


 NAS Parallel Benchmarks (NPB3.4-OMP) - EP Benchmark

 Number of random numbers generated:      8589934592
 Number of available threads:                      8

EP Benchmark Results:

CPU Time =    19.718
N = 2^   32
No. Gaussian Pairs =    3373275903.
Sums =     2.691444083862811D+09    2.691519118724567D+09
Counts:
  0    1572172634.
  1    1501108549.
  2     281805648.
  3      17761221.
  4        424017.
  5          3821.
  6            13.
  7             0.
  8             0.
  9             0.


 EP Benchmark Completed.
 Class           =                        C
 Size            =               8589934592
 Iterations      =                        0
 Time in seconds =                    19.72
 Total threads   =                        8
 Avail threads   =                        8
 Mop/s total     =                   435.64
 Mop/s/thread    =                    54.45
 Operation type  = Random numbers generated
 Verification    =               SUCCESSFUL
 Version         =                    3.4.3
 Compile date    =              25 Oct 2024

 Compile options:
    FC           = gfortran
    FLINK        = $(FC)
    F_LIB        = (none)
    F_INC        = (none)
    FFLAGS       = -O3 -fopenmp
    FLINKFLAGS   = $(FFLAGS)
    RAND         = randi8


 Please send all errors/feedbacks to:

 NPB Development Team
 npb@nas.nasa.gov



real	0m19.738s
user	2m37.411s
sys	0m0.024s
[TIME] Benchmark finalizado: 25/10/2024 as 14:49:46

-~~-~~-~~-~~-~~-~~- 50% (0 gb) de ZRAM -~~-~~-~~-~~-~~-~~-
[INFO] Iniciado benchmark com 50% (0 gb) de ZRAM
[TIME] Benchmark iniciado: 25/10/2024 as 14:49:56
---------------- RESULTADOS ZRAM (bytes) ---------------- 
More information: https://docs.kernel.org/admin-guide/blockdev/zram.html

DISKSIZE: 
8589934592
INITSTATE: 
8589934592
WRITEBACK_LIMIT_ENABLE: 
8589934592
MAX_COMP_STREAMS: 
8589934592
COMP_ALGORITHM: 
8589934592
DEBUG_STAT: 
8589934592
BACKING_DEV: 
8589934592
STATS: 
      51        0     2360        0        1        0        8        0        0        0        0        0        0        0        0        0        0
STATS I/O: 
       0        0 0        0
STATS mm: 
    4096       74    12288        0    12288        0        0        0        0
STATS bd: 
       0        0        0
--------------------------------------------------------- 


 NAS Parallel Benchmarks (NPB3.4-OMP) - EP Benchmark

 Number of random numbers generated:      8589934592
 Number of available threads:                      8

EP Benchmark Results:

CPU Time =    19.772
N = 2^   32
No. Gaussian Pairs =    3373275903.
Sums =     2.691444083862810D+09    2.691519118724568D+09
Counts:
  0    1572172634.
  1    1501108549.
  2     281805648.
  3      17761221.
  4        424017.
  5          3821.
  6            13.
  7             0.
  8             0.
  9             0.


 EP Benchmark Completed.
 Class           =                        C
 Size            =               8589934592
 Iterations      =                        0
 Time in seconds =                    19.77
 Total threads   =                        8
 Avail threads   =                        8
 Mop/s total     =                   434.45
 Mop/s/thread    =                    54.31
 Operation type  = Random numbers generated
 Verification    =               SUCCESSFUL
 Version         =                    3.4.3
 Compile date    =              25 Oct 2024

 Compile options:
    FC           = gfortran
    FLINK        = $(FC)
    F_LIB        = (none)
    F_INC        = (none)
    FFLAGS       = -O3 -fopenmp
    FLINKFLAGS   = $(FFLAGS)
    RAND         = randi8


 Please send all errors/feedbacks to:

 NPB Development Team
 npb@nas.nasa.gov



real	0m19.789s
user	2m37.311s
sys	0m0.050s
---------------- RESULTADOS ZRAM (bytes) ---------------- 
More information: https://docs.kernel.org/admin-guide/blockdev/zram.html

DISKSIZE: 
8589934592
INITSTATE: 
8589934592
WRITEBACK_LIMIT_ENABLE: 
8589934592
MAX_COMP_STREAMS: 
8589934592
COMP_ALGORITHM: 
8589934592
DEBUG_STAT: 
8589934592
BACKING_DEV: 
8589934592
STATS: 
      51        0     2360        0        1        0        8        0        0        0        0        0        0        0        0        0        0
STATS I/O: 
       0        0 0        0
STATS mm: 
    4096       74    12288        0    12288        0        0        0        0
STATS bd: 
       0        0        0
--------------------------------------------------------- 
[TIME] Benchmark finalizado: 25/10/2024 as 14:50:16

[TIME] Benchmark totalmente finalizado: 25/10/2024 as 14:50:16
