-~~-~~-~~-~~-~~-~~- Benchmark ep - classe D -~~-~~-~~-~~-~~-~~-
[TIME] Benchmark totalmente iniciado: 25/10/2024 as 14:50:16

-~~-~~-~~-~~-~~-~~- 0% (0 gb) de ZRAM -~~-~~-~~-~~-~~-~~-
[INFO] Iniciado benchmark com 0% (0 gb) de ZRAM
[TIME] Benchmark iniciado: 25/10/2024 as 14:50:26


 NAS Parallel Benchmarks (NPB3.4-OMP) - EP Benchmark

 Number of random numbers generated:    137438953472
 Number of available threads:                      8

EP Benchmark Results:

CPU Time =   314.944
N = 2^   36
No. Gaussian Pairs =   53972171957.
Sums =     4.306350280815350D+10    4.306347571852914D+10
Counts:
  0   25154622775.
  1   24017899906.
  2    4508609839.
  3     284201296.
  4       6776403.
  5         61541.
  6           197.
  7             0.
  8             0.
  9             0.


 EP Benchmark Completed.
 Class           =                        D
 Size            =             137438953472
 Iterations      =                        0
 Time in seconds =                   314.94
 Total threads   =                        8
 Avail threads   =                        8
 Mop/s total     =                   436.39
 Mop/s/thread    =                    54.55
 Operation type  = Random numbers generated
 Verification    =               SUCCESSFUL
 Version         =                    3.4.3
 Compile date    =              25 Oct 2024

 Compile options:
    FC           = gfortran
    FLINK        = $(FC)
    F_LIB        = (none)
    F_INC        = (none)
    FFLAGS       = -O3 -fopenmp
    FLINKFLAGS   = $(FFLAGS)
    RAND         = randi8


 Please send all errors/feedbacks to:

 NPB Development Team
 npb@nas.nasa.gov



real	5m14.960s
user	41m55.859s
sys	0m0.190s
[TIME] Benchmark finalizado: 25/10/2024 as 14:55:41

-~~-~~-~~-~~-~~-~~- 50% (0 gb) de ZRAM -~~-~~-~~-~~-~~-~~-
[INFO] Iniciado benchmark com 50% (0 gb) de ZRAM
[TIME] Benchmark iniciado: 25/10/2024 as 14:55:51
---------------- RESULTADOS ZRAM (bytes) ---------------- 
More information: https://docs.kernel.org/admin-guide/blockdev/zram.html

DISKSIZE: 
8589934592
INITSTATE: 
8589934592
WRITEBACK_LIMIT_ENABLE: 
8589934592
MAX_COMP_STREAMS: 
8589934592
COMP_ALGORITHM: 
8589934592
DEBUG_STAT: 
8589934592
BACKING_DEV: 
8589934592
STATS: 
      51        0     2360        3        1        0        8        0        0        4        3        0        0        0        0        0        0
STATS I/O: 
       0        0 0        0
STATS mm: 
    4096       74    12288        0    12288        0        0        0        0
STATS bd: 
       0        0        0
--------------------------------------------------------- 


 NAS Parallel Benchmarks (NPB3.4-OMP) - EP Benchmark

 Number of random numbers generated:    137438953472
 Number of available threads:                      8

EP Benchmark Results:

CPU Time =   322.880
N = 2^   36
No. Gaussian Pairs =   53972171957.
Sums =     4.306350280815351D+10    4.306347571852914D+10
Counts:
  0   25154622775.
  1   24017899906.
  2    4508609839.
  3     284201296.
  4       6776403.
  5         61541.
  6           197.
  7             0.
  8             0.
  9             0.


 EP Benchmark Completed.
 Class           =                        D
 Size            =             137438953472
 Iterations      =                        0
 Time in seconds =                   322.88
 Total threads   =                        8
 Avail threads   =                        8
 Mop/s total     =                   425.67
 Mop/s/thread    =                    53.21
 Operation type  = Random numbers generated
 Verification    =               SUCCESSFUL
 Version         =                    3.4.3
 Compile date    =              25 Oct 2024

 Compile options:
    FC           = gfortran
    FLINK        = $(FC)
    F_LIB        = (none)
    F_INC        = (none)
    FFLAGS       = -O3 -fopenmp
    FLINKFLAGS   = $(FFLAGS)
    RAND         = randi8


 Please send all errors/feedbacks to:

 NPB Development Team
 npb@nas.nasa.gov



real	5m22.895s
user	43m0.428s
sys	0m0.174s
---------------- RESULTADOS ZRAM (bytes) ---------------- 
More information: https://docs.kernel.org/admin-guide/blockdev/zram.html

DISKSIZE: 
8589934592
INITSTATE: 
8589934592
WRITEBACK_LIMIT_ENABLE: 
8589934592
MAX_COMP_STREAMS: 
8589934592
COMP_ALGORITHM: 
8589934592
DEBUG_STAT: 
8589934592
BACKING_DEV: 
8589934592
STATS: 
      51        0     2360        3        1        0        8        0        0        4        3        0        0        0        0        0        0
STATS I/O: 
       0        0 0        0
STATS mm: 
    4096       74    12288        0    12288        0        0        0        0
STATS bd: 
       0        0        0
--------------------------------------------------------- 
[TIME] Benchmark finalizado: 25/10/2024 as 15:01:14

[TIME] Benchmark totalmente finalizado: 25/10/2024 as 15:01:14
