[ID] Benchmark bt - classe A
[TIME] Benchmark totalmente iniciado: 2024-10-24 21:30:53

Memoria livre e existente na maquina
               total        used        free      shared  buff/cache   available
Mem:            13Gi       2.2Gi       9.3Gi        31Mi       2.3Gi        11Gi
Low:            13Gi       4.2Gi       9.3Gi
High:             0B          0B          0B
Swap:          8.0Gi          0B       8.0Gi

[INFO] Iniciado benchmark com 0% (0 gb) de ZRAM
[TIME] Benchmark iniciado: 2024-10-24 21:31:03


 NAS Parallel Benchmarks (NPB3.4-OMP) - BT Benchmark

 No input file inputbt.data. Using compiled defaults
 Size:   64x  64x  64
 Iterations:  200       dt:   0.0008000
 Number of available threads:     8

 Time step    1
 Time step   20
 Time step   40
 Time step   60
 Time step   80
 Time step  100
 Time step  120
 Time step  140
 Time step  160
 Time step  180
 Time step  200
 Verification being performed for class A
 accuracy setting for epsilon =  0.1000000000000E-07
 Comparison of RMS-norms of residual
           1 0.1080634671464E+03 0.1080634671464E+03 0.8021787200786E-14
           2 0.1131973090122E+02 0.1131973090122E+02 0.1098479988995E-14
           3 0.2597435451158E+02 0.2597435451158E+02 0.3009110424621E-14
           4 0.2366562254468E+02 0.2366562254468E+02 0.9157398416107E-14
           5 0.2527896321175E+03 0.2527896321175E+03 0.1439132917208E-13
 Comparison of RMS-norms of solution error
           1 0.4234841604053E+01 0.4234841604053E+01 0.1887580817580E-14
           2 0.4439028249700E+00 0.4439028249700E+00 0.6127571750677E-14
           3 0.9669248013635E+00 0.9669248013635E+00 0.4592799866379E-15
           4 0.8830206303977E+00 0.8830206303977E+00 0.1005841074517E-14
           5 0.9737990177083E+01 0.9737990177083E+01 0.3830717935534E-14
 Verification Successful


 BT Benchmark Completed.
 Class           =                        A
 Size            =             64x  64x  64
 Iterations      =                      200
 Time in seconds =                    15.31
 Total threads   =                        8
 Avail threads   =                        8
 Mop/s total     =                 10993.46
 Mop/s/thread    =                  1374.18
 Operation type  =           floating point
 Verification    =               SUCCESSFUL
 Version         =                    3.4.3
 Compile date    =              24 Oct 2024

 Compile options:
    FC           = gfortran
    FLINK        = $(FC)
    F_LIB        = (none)
    F_INC        = (none)
    FFLAGS       = -O3 -fopenmp
    FLINKFLAGS   = $(FFLAGS)
    RAND         = (none)


 Please send all errors/feedbacks to:

 NPB Development Team
 npb@nas.nasa.gov



real	0m15.436s
user	1m56.672s
sys	0m0.074s
[TIME] Benchmark finalizado: 2024-10-24 21:31:18

[INFO] Iniciado benchmark com 50% (0 gb) de ZRAM
[TIME] Benchmark iniciado: 2024-10-24 21:31:28


 NAS Parallel Benchmarks (NPB3.4-OMP) - BT Benchmark

 No input file inputbt.data. Using compiled defaults
 Size:   64x  64x  64
 Iterations:  200       dt:   0.0008000
 Number of available threads:     8

 Time step    1
 Time step   20
 Time step   40
 Time step   60
 Time step   80
 Time step  100
 Time step  120
 Time step  140
 Time step  160
 Time step  180
 Time step  200
 Verification being performed for class A
 accuracy setting for epsilon =  0.1000000000000E-07
 Comparison of RMS-norms of residual
           1 0.1080634671464E+03 0.1080634671464E+03 0.8021787200786E-14
           2 0.1131973090122E+02 0.1131973090122E+02 0.9415542762816E-15
           3 0.2597435451158E+02 0.2597435451158E+02 0.3009110424621E-14
           4 0.2366562254468E+02 0.2366562254468E+02 0.9157398416107E-14
           5 0.2527896321175E+03 0.2527896321175E+03 0.1439132917208E-13
 Comparison of RMS-norms of solution error
           1 0.4234841604053E+01 0.4234841604053E+01 0.1677849615627E-14
           2 0.4439028249700E+00 0.4439028249700E+00 0.6127571750677E-14
           3 0.9669248013635E+00 0.9669248013635E+00 0.4592799866379E-15
           4 0.8830206303977E+00 0.8830206303977E+00 0.1005841074517E-14
           5 0.9737990177083E+01 0.9737990177083E+01 0.3830717935534E-14
 Verification Successful


 BT Benchmark Completed.
 Class           =                        A
 Size            =             64x  64x  64
 Iterations      =                      200
 Time in seconds =                    14.47
 Total threads   =                        8
 Avail threads   =                        8
 Mop/s total     =                 11632.95
 Mop/s/thread    =                  1454.12
 Operation type  =           floating point
 Verification    =               SUCCESSFUL
 Version         =                    3.4.3
 Compile date    =              24 Oct 2024

 Compile options:
    FC           = gfortran
    FLINK        = $(FC)
    F_LIB        = (none)
    F_INC        = (none)
    FFLAGS       = -O3 -fopenmp
    FLINKFLAGS   = $(FFLAGS)
    RAND         = (none)


 Please send all errors/feedbacks to:

 NPB Development Team
 npb@nas.nasa.gov



real	0m14.598s
user	1m49.297s
sys	0m0.074s
[TIME] Benchmark finalizado: 2024-10-24 21:31:43

[TIME] Benchmark totalmente finalizado: 2024-10-24 21:31:43
