[ID] Benchmark cg - classe A
[TIME] Benchmark totalmente iniciado: 2024-10-24 21:21:17

Memoria livre e existente na maquina
               total        used        free      shared  buff/cache   available
Mem:            13Gi       2.1Gi       9.5Gi        30Mi       2.3Gi        11Gi
Low:            13Gi       4.1Gi       9.5Gi
High:             0B          0B          0B
Swap:          8.0Gi          0B       8.0Gi

[INFO] Iniciado benchmark com 0% (0 gb) de ZRAM
[TIME] Benchmark iniciado: 2024-10-24 21:21:28


 NAS Parallel Benchmarks (NPB3.4-OMP) - CG Benchmark

 Size:       14000
 Iterations:                     15
 Number of available threads:     8

 Initialization time =           0.115 seconds

   iteration           ||r||                 zeta
        1       0.25791735388328E-12    19.9997581277040
        5       0.25205550970345E-14    17.1302338856353
       10       0.24814917895529E-14    17.1302350540284
       15       0.23652418985750E-14    17.1302350540299
 Benchmark completed 
 VERIFICATION SUCCESSFUL 
 Zeta is     0.1713023505403E+02
 Error is    0.5205597766559E-13


 CG Benchmark Completed.
 Class           =                        A
 Size            =                    14000
 Iterations      =                       15
 Time in seconds =                     0.34
 Total threads   =                        8
 Avail threads   =                        8
 Mop/s total     =                  4358.95
 Mop/s/thread    =                   544.87
 Operation type  =           floating point
 Verification    =               SUCCESSFUL
 Version         =                    3.4.3
 Compile date    =              24 Oct 2024

 Compile options:
    FC           = gfortran
    FLINK        = $(FC)
    F_LIB        = (none)
    F_INC        = (none)
    FFLAGS       = -O3 -fopenmp
    FLINKFLAGS   = $(FFLAGS)
    RAND         = randi8


 Please send all errors/feedbacks to:

 NPB Development Team
 npb@nas.nasa.gov



real	0m0.463s
user	0m3.492s
sys	0m0.064s
[TIME] Benchmark finalizado: 2024-10-24 21:21:28

[INFO] Iniciado benchmark com 50% (0 gb) de ZRAM
[TIME] Benchmark iniciado: 2024-10-24 21:21:38


 NAS Parallel Benchmarks (NPB3.4-OMP) - CG Benchmark

 Size:       14000
 Iterations:                     15
 Number of available threads:     8

 Initialization time =           0.115 seconds

   iteration           ||r||                 zeta
        1       0.26073100218654E-12    19.9997581277040
        5       0.25155223196140E-14    17.1302338856353
       10       0.24840229258269E-14    17.1302350540284
       15       0.23521178627837E-14    17.1302350540299
 Benchmark completed 
 VERIFICATION SUCCESSFUL 
 Zeta is     0.1713023505403E+02
 Error is    0.5205597766559E-13


 CG Benchmark Completed.
 Class           =                        A
 Size            =                    14000
 Iterations      =                       15
 Time in seconds =                     0.34
 Total threads   =                        8
 Avail threads   =                        8
 Mop/s total     =                  4360.98
 Mop/s/thread    =                   545.12
 Operation type  =           floating point
 Verification    =               SUCCESSFUL
 Version         =                    3.4.3
 Compile date    =              24 Oct 2024

 Compile options:
    FC           = gfortran
    FLINK        = $(FC)
    F_LIB        = (none)
    F_INC        = (none)
    FFLAGS       = -O3 -fopenmp
    FLINKFLAGS   = $(FFLAGS)
    RAND         = randi8


 Please send all errors/feedbacks to:

 NPB Development Team
 npb@nas.nasa.gov



real	0m0.463s
user	0m3.523s
sys	0m0.067s
[TIME] Benchmark finalizado: 2024-10-24 21:21:39

[TIME] Benchmark totalmente finalizado: 2024-10-24 21:21:39
