[ID] Benchmark cg - classe S
[TIME] Benchmark totalmente iniciado: 2024-10-24 21:20:56

Memoria livre e existente na maquina
               total        used        free      shared  buff/cache   available
Mem:            13Gi       2.1Gi       9.5Gi        30Mi       2.3Gi        11Gi
Low:            13Gi       4.1Gi       9.5Gi
High:             0B          0B          0B
Swap:          8.0Gi          0B       8.0Gi

[INFO] Iniciado benchmark com 0% (0 gb) de ZRAM
[TIME] Benchmark iniciado: 2024-10-24 21:21:06


 NAS Parallel Benchmarks (NPB3.4-OMP) - CG Benchmark

 Size:        1400
 Iterations:                     15
 Number of available threads:     8

 Initialization time =           0.006 seconds

   iteration           ||r||                 zeta
        1       0.13739748937107E-12     9.9986441579140
        5       0.19211126492675E-14     8.5971549151767
       10       0.18353660219207E-14     8.5971775064409
       15       0.18608779655940E-14     8.5971775078648
 Benchmark completed 
 VERIFICATION SUCCESSFUL 
 Zeta is     0.8597177507865E+01
 Error is    0.1033104665906E-14


 CG Benchmark Completed.
 Class           =                        S
 Size            =                     1400
 Iterations      =                       15
 Time in seconds =                     0.02
 Total threads   =                        8
 Avail threads   =                        8
 Mop/s total     =                  3955.74
 Mop/s/thread    =                   494.47
 Operation type  =           floating point
 Verification    =               SUCCESSFUL
 Version         =                    3.4.3
 Compile date    =              24 Oct 2024

 Compile options:
    FC           = gfortran
    FLINK        = $(FC)
    F_LIB        = (none)
    F_INC        = (none)
    FFLAGS       = -O3 -fopenmp
    FLINKFLAGS   = $(FFLAGS)
    RAND         = randi8


 Please send all errors/feedbacks to:

 NPB Development Team
 npb@nas.nasa.gov



real	0m0.027s
user	0m0.164s
sys	0m0.003s
[TIME] Benchmark finalizado: 2024-10-24 21:21:07

[INFO] Iniciado benchmark com 50% (0 gb) de ZRAM
[TIME] Benchmark iniciado: 2024-10-24 21:21:17


 NAS Parallel Benchmarks (NPB3.4-OMP) - CG Benchmark

 Size:        1400
 Iterations:                     15
 Number of available threads:     8

 Initialization time =           0.008 seconds

   iteration           ||r||                 zeta
        1       0.13730088241371E-12     9.9986441579140
        5       0.19952642452637E-14     8.5971549151767
       10       0.18583802024271E-14     8.5971775064409
       15       0.18721244948721E-14     8.5971775078648
 Benchmark completed 
 VERIFICATION SUCCESSFUL 
 Zeta is     0.8597177507865E+01
 Error is    0.1033104665906E-14


 CG Benchmark Completed.
 Class           =                        S
 Size            =                     1400
 Iterations      =                       15
 Time in seconds =                     0.02
 Total threads   =                        8
 Avail threads   =                        8
 Mop/s total     =                  3864.06
 Mop/s/thread    =                   483.01
 Operation type  =           floating point
 Verification    =               SUCCESSFUL
 Version         =                    3.4.3
 Compile date    =              24 Oct 2024

 Compile options:
    FC           = gfortran
    FLINK        = $(FC)
    F_LIB        = (none)
    F_INC        = (none)
    FFLAGS       = -O3 -fopenmp
    FLINKFLAGS   = $(FFLAGS)
    RAND         = randi8


 Please send all errors/feedbacks to:

 NPB Development Team
 npb@nas.nasa.gov



real	0m0.029s
user	0m0.173s
sys	0m0.007s
[TIME] Benchmark finalizado: 2024-10-24 21:21:17

[TIME] Benchmark totalmente finalizado: 2024-10-24 21:21:17
