[ID] Benchmark ep - classe A
[TIME] Benchmark totalmente iniciado: 2024-10-24 21:19:02

Memoria livre e existente na maquina
               total        used        free      shared  buff/cache   available
Mem:            13Gi       2.1Gi       9.5Gi        30Mi       2.3Gi        11Gi
Low:            13Gi       4.1Gi       9.5Gi
High:             0B          0B          0B
Swap:          8.0Gi          0B       8.0Gi

[INFO] Iniciado benchmark com 0% (0 gb) de ZRAM
[TIME] Benchmark iniciado: 2024-10-24 21:19:12


 NAS Parallel Benchmarks (NPB3.4-OMP) - EP Benchmark

 Number of random numbers generated:       536870912
 Number of available threads:                      8

EP Benchmark Results:

CPU Time =     1.225
N = 2^   28
No. Gaussian Pairs =     210832767.
Sums =     1.682235632304813D+08    1.682195123368300D+08
Counts:
  0      98257395.
  1      93827014.
  2      17611549.
  3       1110028.
  4         26536.
  5           245.
  6             0.
  7             0.
  8             0.
  9             0.


 EP Benchmark Completed.
 Class           =                        A
 Size            =                536870912
 Iterations      =                        0
 Time in seconds =                     1.23
 Total threads   =                        8
 Avail threads   =                        8
 Mop/s total     =                   438.18
 Mop/s/thread    =                    54.77
 Operation type  = Random numbers generated
 Verification    =               SUCCESSFUL
 Version         =                    3.4.3
 Compile date    =              24 Oct 2024

 Compile options:
    FC           = gfortran
    FLINK        = $(FC)
    F_LIB        = (none)
    F_INC        = (none)
    FFLAGS       = -O3 -fopenmp
    FLINKFLAGS   = $(FFLAGS)
    RAND         = randi8


 Please send all errors/feedbacks to:

 NPB Development Team
 npb@nas.nasa.gov



real	0m1.242s
user	0m9.414s
sys	0m0.017s
[TIME] Benchmark finalizado: 2024-10-24 21:19:14

[INFO] Iniciado benchmark com 50% (0 gb) de ZRAM
[TIME] Benchmark iniciado: 2024-10-24 21:19:24


 NAS Parallel Benchmarks (NPB3.4-OMP) - EP Benchmark

 Number of random numbers generated:       536870912
 Number of available threads:                      8

EP Benchmark Results:

CPU Time =     1.204
N = 2^   28
No. Gaussian Pairs =     210832767.
Sums =     1.682235632304813D+08    1.682195123368300D+08
Counts:
  0      98257395.
  1      93827014.
  2      17611549.
  3       1110028.
  4         26536.
  5           245.
  6             0.
  7             0.
  8             0.
  9             0.


 EP Benchmark Completed.
 Class           =                        A
 Size            =                536870912
 Iterations      =                        0
 Time in seconds =                     1.20
 Total threads   =                        8
 Avail threads   =                        8
 Mop/s total     =                   446.05
 Mop/s/thread    =                    55.76
 Operation type  = Random numbers generated
 Verification    =               SUCCESSFUL
 Version         =                    3.4.3
 Compile date    =              24 Oct 2024

 Compile options:
    FC           = gfortran
    FLINK        = $(FC)
    F_LIB        = (none)
    F_INC        = (none)
    FFLAGS       = -O3 -fopenmp
    FLINKFLAGS   = $(FFLAGS)
    RAND         = randi8


 Please send all errors/feedbacks to:

 NPB Development Team
 npb@nas.nasa.gov



real	0m1.220s
user	0m9.411s
sys	0m0.017s
[TIME] Benchmark finalizado: 2024-10-24 21:19:25

[TIME] Benchmark totalmente finalizado: 2024-10-24 21:19:25
