[ID] Benchmark ep - classe S
[TIME] Benchmark totalmente iniciado: 2024-10-24 21:18:41

Memoria livre e existente na maquina
               total        used        free      shared  buff/cache   available
Mem:            13Gi       2.1Gi       9.5Gi        30Mi       2.3Gi        11Gi
Low:            13Gi       4.1Gi       9.5Gi
High:             0B          0B          0B
Swap:          8.0Gi          0B       8.0Gi

[INFO] Iniciado benchmark com 0% (0 gb) de ZRAM
[TIME] Benchmark iniciado: 2024-10-24 21:18:51


 NAS Parallel Benchmarks (NPB3.4-OMP) - EP Benchmark

 Number of random numbers generated:        33554432
 Number of available threads:                      8

EP Benchmark Results:

CPU Time =     0.100
N = 2^   24
No. Gaussian Pairs =      13176389.
Sums =     1.051299420395340D+07    1.051517131857527D+07
Counts:
  0       6140517.
  1       5865300.
  2       1100361.
  3         68546.
  4          1648.
  5            17.
  6             0.
  7             0.
  8             0.
  9             0.


 EP Benchmark Completed.
 Class           =                        S
 Size            =                 33554432
 Iterations      =                        0
 Time in seconds =                     0.10
 Total threads   =                        8
 Avail threads   =                        8
 Mop/s total     =                   336.49
 Mop/s/thread    =                    42.06
 Operation type  = Random numbers generated
 Verification    =               SUCCESSFUL
 Version         =                    3.4.3
 Compile date    =              24 Oct 2024

 Compile options:
    FC           = gfortran
    FLINK        = $(FC)
    F_LIB        = (none)
    F_INC        = (none)
    FFLAGS       = -O3 -fopenmp
    FLINKFLAGS   = $(FFLAGS)
    RAND         = randi8


 Please send all errors/feedbacks to:

 NPB Development Team
 npb@nas.nasa.gov



real	0m0.116s
user	0m0.570s
sys	0m0.014s
[TIME] Benchmark finalizado: 2024-10-24 21:18:51

[INFO] Iniciado benchmark com 50% (0 gb) de ZRAM
[TIME] Benchmark iniciado: 2024-10-24 21:19:02


 NAS Parallel Benchmarks (NPB3.4-OMP) - EP Benchmark

 Number of random numbers generated:        33554432
 Number of available threads:                      8

EP Benchmark Results:

CPU Time =     0.079
N = 2^   24
No. Gaussian Pairs =      13176389.
Sums =     1.051299420395341D+07    1.051517131857527D+07
Counts:
  0       6140517.
  1       5865300.
  2       1100361.
  3         68546.
  4          1648.
  5            17.
  6             0.
  7             0.
  8             0.
  9             0.


 EP Benchmark Completed.
 Class           =                        S
 Size            =                 33554432
 Iterations      =                        0
 Time in seconds =                     0.08
 Total threads   =                        8
 Avail threads   =                        8
 Mop/s total     =                   426.20
 Mop/s/thread    =                    53.27
 Operation type  = Random numbers generated
 Verification    =               SUCCESSFUL
 Version         =                    3.4.3
 Compile date    =              24 Oct 2024

 Compile options:
    FC           = gfortran
    FLINK        = $(FC)
    F_LIB        = (none)
    F_INC        = (none)
    FFLAGS       = -O3 -fopenmp
    FLINKFLAGS   = $(FFLAGS)
    RAND         = randi8


 Please send all errors/feedbacks to:

 NPB Development Team
 npb@nas.nasa.gov



real	0m0.095s
user	0m0.551s
sys	0m0.036s
[TIME] Benchmark finalizado: 2024-10-24 21:19:02

[TIME] Benchmark totalmente finalizado: 2024-10-24 21:19:02
