[ID] Benchmark ft - classe A
[TIME] Benchmark totalmente iniciado: 2024-10-24 21:26:37

Memoria livre e existente na maquina
               total        used        free      shared  buff/cache   available
Mem:            13Gi       2.2Gi       9.4Gi        31Mi       2.3Gi        11Gi
Low:            13Gi       4.2Gi       9.4Gi
High:             0B          0B          0B
Swap:          8.0Gi          0B       8.0Gi

[INFO] Iniciado benchmark com 0% (0 gb) de ZRAM
[TIME] Benchmark iniciado: 2024-10-24 21:26:48


 NAS Parallel Benchmarks (NPB3.4-OMP) - FT Benchmark

 Size                :  256x 256x 128
 Iterations                  :      6
 Number of available threads :      8

 T =    1     Checksum =    5.046735008193D+02    5.114047905510D+02
 T =    2     Checksum =    5.059412319734D+02    5.098809666433D+02
 T =    3     Checksum =    5.069376896287D+02    5.098144042213D+02
 T =    4     Checksum =    5.077892868474D+02    5.101336130759D+02
 T =    5     Checksum =    5.085233095391D+02    5.104914655194D+02
 T =    6     Checksum =    5.091487099959D+02    5.107917842803D+02
 Result verification successful
 class = A


 FT Benchmark Completed.
 Class           =                        A
 Size            =            256x 256x 128
 Iterations      =                        6
 Time in seconds =                     0.73
 Total threads   =                        8
 Avail threads   =                        8
 Mop/s total     =                  9839.80
 Mop/s/thread    =                  1229.97
 Operation type  =           floating point
 Verification    =               SUCCESSFUL
 Version         =                    3.4.3
 Compile date    =              24 Oct 2024

 Compile options:
    FC           = gfortran
    FLINK        = $(FC)
    F_LIB        = (none)
    F_INC        = (none)
    FFLAGS       = -O3 -fopenmp
    FLINKFLAGS   = $(FFLAGS)
    RAND         = randi8


 Please send all errors/feedbacks to:

 NPB Development Team
 npb@nas.nasa.gov



real	0m0.909s
user	0m6.500s
sys	0m0.367s
[TIME] Benchmark finalizado: 2024-10-24 21:26:49

[INFO] Iniciado benchmark com 50% (0 gb) de ZRAM
[TIME] Benchmark iniciado: 2024-10-24 21:26:59


 NAS Parallel Benchmarks (NPB3.4-OMP) - FT Benchmark

 Size                :  256x 256x 128
 Iterations                  :      6
 Number of available threads :      8

 T =    1     Checksum =    5.046735008193D+02    5.114047905510D+02
 T =    2     Checksum =    5.059412319734D+02    5.098809666433D+02
 T =    3     Checksum =    5.069376896287D+02    5.098144042213D+02
 T =    4     Checksum =    5.077892868474D+02    5.101336130759D+02
 T =    5     Checksum =    5.085233095391D+02    5.104914655194D+02
 T =    6     Checksum =    5.091487099959D+02    5.107917842803D+02
 Result verification successful
 class = A


 FT Benchmark Completed.
 Class           =                        A
 Size            =            256x 256x 128
 Iterations      =                        6
 Time in seconds =                     0.78
 Total threads   =                        8
 Avail threads   =                        8
 Mop/s total     =                  9207.55
 Mop/s/thread    =                  1150.94
 Operation type  =           floating point
 Verification    =               SUCCESSFUL
 Version         =                    3.4.3
 Compile date    =              24 Oct 2024

 Compile options:
    FC           = gfortran
    FLINK        = $(FC)
    F_LIB        = (none)
    F_INC        = (none)
    FFLAGS       = -O3 -fopenmp
    FLINKFLAGS   = $(FFLAGS)
    RAND         = randi8


 Please send all errors/feedbacks to:

 NPB Development Team
 npb@nas.nasa.gov



real	0m0.969s
user	0m6.883s
sys	0m0.381s
[TIME] Benchmark finalizado: 2024-10-24 21:27:00

[TIME] Benchmark totalmente finalizado: 2024-10-24 21:27:00
