[ID] Benchmark lu - classe A
[TIME] Benchmark totalmente iniciado: 2024-10-24 21:52:55

Memoria livre e existente na maquina
               total        used        free      shared  buff/cache   available
Mem:            13Gi       2.1Gi       9.3Gi        32Mi       2.5Gi        11Gi
Low:            13Gi       4.2Gi       9.3Gi
High:             0B          0B          0B
Swap:          8.0Gi          0B       8.0Gi

[INFO] Iniciado benchmark com 0% (0 gb) de ZRAM
[TIME] Benchmark iniciado: 2024-10-24 21:53:06


 NAS Parallel Benchmarks (NPB3.4-OMP) - LU Benchmark

 Size:   64x  64x  64
 Iterations:                    250
 Number of available threads:     8

 Time step    1
 Time step   20
 Time step   40
 Time step   60
 Time step   80
 Time step  100
 Time step  120
 Time step  140
 Time step  160
 Time step  180
 Time step  200
 Time step  220
 Time step  240
 Time step  250

 Verification being performed for class A
 Accuracy setting for epsilon =  0.1000000000000E-07
 Comparison of RMS-norms of residual
           1   0.7790210760669E+03 0.7790210760669E+03 0.1444761544997E-13
           2   0.6340276525969E+02 0.6340276525969E+02 0.4146519653432E-14
           3   0.1949924972729E+03 0.1949924972729E+03 0.8308203957537E-14
           4   0.1784530116042E+03 0.1784530116042E+03 0.3185343769198E-15
           5   0.1838476034946E+04 0.1838476034946E+04 0.1174913284509E-13
 Comparison of RMS-norms of solution error
           1   0.2996408568547E+02 0.2996408568547E+02 0.1185657295234E-14
           2   0.2819457636500E+01 0.2819457636500E+01 0.9923050397480E-14
           3   0.7347341269878E+01 0.7347341269877E+01 0.7978365717207E-14
           4   0.6713922568778E+01 0.6713922568778E+01 0.2513491897089E-14
           5   0.7071531568839E+02 0.7071531568839E+02 0.1105272601455E-13
 Comparison of surface integral
               0.2603092560489E+02 0.2603092560489E+02 0.2729609951429E-15
 Verification Successful


 LU Benchmark Completed.
 Class           =                        A
 Size            =             64x  64x  64
 Iterations      =                      250
 Time in seconds =                     6.20
 Total threads   =                        8
 Avail threads   =                        8
 Mop/s total     =                 19248.86
 Mop/s/thread    =                  2406.11
 Operation type  =           floating point
 Verification    =               SUCCESSFUL
 Version         =                    3.4.3
 Compile date    =              24 Oct 2024

 Compile options:
    FC           = gfortran
    FLINK        = $(FC)
    F_LIB        = (none)
    F_INC        = (none)
    FFLAGS       = -O3 -fopenmp
    FLINKFLAGS   = $(FFLAGS)
    RAND         = (none)


 Please send all errors/feedbacks to:

 NPB Development Team
 npb@nas.nasa.gov



real	0m6.286s
user	0m50.104s
sys	0m0.090s
[TIME] Benchmark finalizado: 2024-10-24 21:53:12

[INFO] Iniciado benchmark com 50% (0 gb) de ZRAM
[TIME] Benchmark iniciado: 2024-10-24 21:53:22


 NAS Parallel Benchmarks (NPB3.4-OMP) - LU Benchmark

 Size:   64x  64x  64
 Iterations:                    250
 Number of available threads:     8

 Time step    1
 Time step   20
 Time step   40
 Time step   60
 Time step   80
 Time step  100
 Time step  120
 Time step  140
 Time step  160
 Time step  180
 Time step  200
 Time step  220
 Time step  240
 Time step  250

 Verification being performed for class A
 Accuracy setting for epsilon =  0.1000000000000E-07
 Comparison of RMS-norms of residual
           1   0.7790210760669E+03 0.7790210760669E+03 0.1444761544997E-13
           2   0.6340276525969E+02 0.6340276525969E+02 0.4034451554690E-14
           3   0.1949924972729E+03 0.1949924972729E+03 0.8308203957537E-14
           4   0.1784530116042E+03 0.1784530116042E+03 0.3185343769198E-15
           5   0.1838476034946E+04 0.1838476034946E+04 0.1174913284509E-13
 Comparison of RMS-norms of solution error
           1   0.2996408568547E+02 0.2996408568547E+02 0.1185657295234E-14
           2   0.2819457636500E+01 0.2819457636500E+01 0.9923050397480E-14
           3   0.7347341269878E+01 0.7347341269877E+01 0.7978365717207E-14
           4   0.6713922568778E+01 0.6713922568778E+01 0.2513491897089E-14
           5   0.7071531568839E+02 0.7071531568839E+02 0.1105272601455E-13
 Comparison of surface integral
               0.2603092560489E+02 0.2603092560489E+02 0.2729609951429E-15
 Verification Successful


 LU Benchmark Completed.
 Class           =                        A
 Size            =             64x  64x  64
 Iterations      =                      250
 Time in seconds =                     6.39
 Total threads   =                        8
 Avail threads   =                        8
 Mop/s total     =                 18656.31
 Mop/s/thread    =                  2332.04
 Operation type  =           floating point
 Verification    =               SUCCESSFUL
 Version         =                    3.4.3
 Compile date    =              24 Oct 2024

 Compile options:
    FC           = gfortran
    FLINK        = $(FC)
    F_LIB        = (none)
    F_INC        = (none)
    FFLAGS       = -O3 -fopenmp
    FLINKFLAGS   = $(FFLAGS)
    RAND         = (none)


 Please send all errors/feedbacks to:

 NPB Development Team
 npb@nas.nasa.gov



real	0m6.486s
user	0m51.689s
sys	0m0.094s
[TIME] Benchmark finalizado: 2024-10-24 21:53:29

[TIME] Benchmark totalmente finalizado: 2024-10-24 21:53:29
