[ID] Benchmark mg - classe S
[TIME] Benchmark totalmente iniciado: 2024-10-24 21:23:56

Memoria livre e existente na maquina
               total        used        free      shared  buff/cache   available
Mem:            13Gi       2.2Gi       9.4Gi        31Mi       2.3Gi        11Gi
Low:            13Gi       4.2Gi       9.4Gi
High:             0B          0B          0B
Swap:          8.0Gi          0B       8.0Gi

[INFO] Iniciado benchmark com 0% (0 gb) de ZRAM
[TIME] Benchmark iniciado: 2024-10-24 21:24:06


 NAS Parallel Benchmarks (NPB3.4-OMP) - MG Benchmark

 No input file. Using compiled defaults 
 Size:   32x  32x  32  (class S)
 Iterations:                      4
 Number of available threads:     8

 Initialization time:           0.002 seconds

  iter   1
  iter   4

 Benchmark completed 
 VERIFICATION SUCCESSFUL 
 L2 Norm is  0.5307707005735E-04
 Error is    0.1660965630827E-12


 MG Benchmark Completed.
 Class           =                        S
 Size            =             32x  32x  32
 Iterations      =                        4
 Time in seconds =                     0.00
 Total threads   =                        8
 Avail threads   =                        8
 Mop/s total     =                  5562.87
 Mop/s/thread    =                   695.36
 Operation type  =           floating point
 Verification    =               SUCCESSFUL
 Version         =                    3.4.3
 Compile date    =              24 Oct 2024

 Compile options:
    FC           = gfortran
    FLINK        = $(FC)
    F_LIB        = (none)
    F_INC        = (none)
    FFLAGS       = -O3 -fopenmp
    FLINKFLAGS   = $(FFLAGS)
    RAND         = randi8


 Please send all errors/feedbacks to:

 NPB Development Team
 npb@nas.nasa.gov



real	0m0.007s
user	0m0.022s
sys	0m0.008s
[TIME] Benchmark finalizado: 2024-10-24 21:24:06

[INFO] Iniciado benchmark com 50% (0 gb) de ZRAM
[TIME] Benchmark iniciado: 2024-10-24 21:24:17


 NAS Parallel Benchmarks (NPB3.4-OMP) - MG Benchmark

 No input file. Using compiled defaults 
 Size:   32x  32x  32  (class S)
 Iterations:                      4
 Number of available threads:     8

 Initialization time:           0.002 seconds

  iter   1
  iter   4

 Benchmark completed 
 VERIFICATION SUCCESSFUL 
 L2 Norm is  0.5307707005735E-04
 Error is    0.1660965630827E-12


 MG Benchmark Completed.
 Class           =                        S
 Size            =             32x  32x  32
 Iterations      =                        4
 Time in seconds =                     0.00
 Total threads   =                        8
 Avail threads   =                        8
 Mop/s total     =                  5528.40
 Mop/s/thread    =                   691.05
 Operation type  =           floating point
 Verification    =               SUCCESSFUL
 Version         =                    3.4.3
 Compile date    =              24 Oct 2024

 Compile options:
    FC           = gfortran
    FLINK        = $(FC)
    F_LIB        = (none)
    F_INC        = (none)
    FFLAGS       = -O3 -fopenmp
    FLINKFLAGS   = $(FFLAGS)
    RAND         = randi8


 Please send all errors/feedbacks to:

 NPB Development Team
 npb@nas.nasa.gov



real	0m0.007s
user	0m0.003s
sys	0m0.010s
[TIME] Benchmark finalizado: 2024-10-24 21:24:17

[TIME] Benchmark totalmente finalizado: 2024-10-24 21:24:17
