[ID] Benchmark sp - classe S
[TIME] Benchmark totalmente iniciado: 2024-10-24 21:43:10

Memoria livre e existente na maquina
               total        used        free      shared  buff/cache   available
Mem:            13Gi       2.0Gi       9.5Gi        32Mi       2.4Gi        11Gi
Low:            13Gi       4.1Gi       9.5Gi
High:             0B          0B          0B
Swap:          8.0Gi          0B       8.0Gi

[INFO] Iniciado benchmark com 0% (0 gb) de ZRAM
[TIME] Benchmark iniciado: 2024-10-24 21:43:20


 NAS Parallel Benchmarks (NPB3.4-OMP) - SP Benchmark

 No input file inputsp.data. Using compiled defaults
 Size:   12x  12x  12
 Iterations:  100    dt:    0.0150000
 Number of available threads:     8

 Time step    1
 Time step   20
 Time step   40
 Time step   60
 Time step   80
 Time step  100
 Verification being performed for class S
 accuracy setting for epsilon =  0.1000000000000E-07
 Comparison of RMS-norms of residual
           1 0.2747031545137E-01 0.2747031545134E-01 0.1208545928133E-11
           2 0.1036074670528E-01 0.1036074670529E-01 0.6702314294386E-12
           3 0.1623574506506E-01 0.1623574506510E-01 0.1960409344296E-11
           4 0.1584055722445E-01 0.1584055722446E-01 0.9067553734103E-13
           5 0.3484904060936E-01 0.3484904060936E-01 0.2030951687113E-13
 Comparison of RMS-norms of solution error
           1 0.2728925855741E-04 0.2728925855738E-04 0.1030620964710E-11
           2 0.1036444664083E-04 0.1036444664084E-04 0.3388312681817E-12
           3 0.1615479828713E-04 0.1615479828717E-04 0.2372455917807E-11
           4 0.1575070499448E-04 0.1575070499448E-04 0.2538296230195E-13
           5 0.3417766618340E-04 0.3417766618339E-04 0.1643623785208E-12
 Verification Successful


 SP Benchmark Completed.
 Class           =                        S
 Size            =             12x  12x  12
 Iterations      =                      100
 Time in seconds =                     0.01
 Total threads   =                        8
 Avail threads   =                        8
 Mop/s total     =                  6957.13
 Mop/s/thread    =                   869.64
 Operation type  =           floating point
 Verification    =               SUCCESSFUL
 Version         =                    3.4.3
 Compile date    =              24 Oct 2024

 Compile options:
    FC           = gfortran
    FLINK        = $(FC)
    F_LIB        = (none)
    F_INC        = (none)
    FFLAGS       = -O3 -fopenmp
    FLINKFLAGS   = $(FFLAGS)
    RAND         = (none)


 Please send all errors/feedbacks to:

 NPB Development Team
 npb@nas.nasa.gov



real	0m0.019s
user	0m0.094s
sys	0m0.023s
[TIME] Benchmark finalizado: 2024-10-24 21:43:20

[INFO] Iniciado benchmark com 50% (0 gb) de ZRAM
[TIME] Benchmark iniciado: 2024-10-24 21:43:30


 NAS Parallel Benchmarks (NPB3.4-OMP) - SP Benchmark

 No input file inputsp.data. Using compiled defaults
 Size:   12x  12x  12
 Iterations:  100    dt:    0.0150000
 Number of available threads:     8

 Time step    1
 Time step   20
 Time step   40
 Time step   60
 Time step   80
 Time step  100
 Verification being performed for class S
 accuracy setting for epsilon =  0.1000000000000E-07
 Comparison of RMS-norms of residual
           1 0.2747031545137E-01 0.2747031545134E-01 0.1208545928133E-11
           2 0.1036074670528E-01 0.1036074670529E-01 0.6702314294386E-12
           3 0.1623574506506E-01 0.1623574506510E-01 0.1960409344296E-11
           4 0.1584055722445E-01 0.1584055722446E-01 0.9067553734103E-13
           5 0.3484904060936E-01 0.3484904060936E-01 0.2050862978163E-13
 Comparison of RMS-norms of solution error
           1 0.2728925855741E-04 0.2728925855738E-04 0.1030620964710E-11
           2 0.1036444664083E-04 0.1036444664084E-04 0.3386678184624E-12
           3 0.1615479828713E-04 0.1615479828717E-04 0.2372455917807E-11
           4 0.1575070499448E-04 0.1575070499448E-04 0.2538296230195E-13
           5 0.3417766618340E-04 0.3417766618339E-04 0.1645606443573E-12
 Verification Successful


 SP Benchmark Completed.
 Class           =                        S
 Size            =             12x  12x  12
 Iterations      =                      100
 Time in seconds =                     0.02
 Total threads   =                        8
 Avail threads   =                        8
 Mop/s total     =                  4751.71
 Mop/s/thread    =                   593.96
 Operation type  =           floating point
 Verification    =               SUCCESSFUL
 Version         =                    3.4.3
 Compile date    =              24 Oct 2024

 Compile options:
    FC           = gfortran
    FLINK        = $(FC)
    F_LIB        = (none)
    F_INC        = (none)
    FFLAGS       = -O3 -fopenmp
    FLINKFLAGS   = $(FFLAGS)
    RAND         = (none)


 Please send all errors/feedbacks to:

 NPB Development Team
 npb@nas.nasa.gov



real	0m0.025s
user	0m0.151s
sys	0m0.006s
[TIME] Benchmark finalizado: 2024-10-24 21:43:30

[TIME] Benchmark totalmente finalizado: 2024-10-24 21:43:30
